00:05:21 **** Clean-only build of configuration Debug for project exp_day03 ****
make clean 
rm -rf ./day03_데이터압축1_main.d ./day03_데이터압축1_main.o ./day03_데이터압축1_user_ver2_1.d ./day03_데이터압축1_user_ver2_1.o
rm -rf exp_day03
 
00:05:47 **** Incremental Build of configuration Debug for project exp_day01 ****
make all 
make: Nothing to be done for `all'.
00:05:47 **** Clean-only build of configuration Debug for project exp_day02 ****
make clean 
rm -rf ./day02_Bit_ImageMap3_main.d ./day02_Bit_ImageMap3_main.o ./day02_Bit_ImageMap3_user_ver1_1.d ./day02_Bit_ImageMap3_user_ver1_1.o
rm -rf exp_day02
 

**** Build of configuration Debug for project exp_day02 ****

Nothing to build for project exp_day02
00:05:48 **** Build of configuration Debug for project exp_day03 ****
make all 
Building file: ../day03_데이터압축1_main.cpp
Invoking: GCC C++ Compiler
lldb -O3 -g3 -Wall --std=c++14 -c -fmessage-length=0 -MMD -MP -MF"day03_데이터압축1_main.d" -MT"day03_데이터압축1_main.o" -o "day03_데이터압축1_main.o" "../day03_데이터압축1_main.cpp"
error: unknown option: -O3
error: unknown option: -g3
error: unknown option: -Wall
error: unknown option: --std=c++14
error: unknown option: -MMD
error: unknown option: -MP
error: unknown option: -MFday03_데이터압축1_main.d
error: unknown option: -MTday03_데이터압축1_main.o
Use 'lldb --help' for a complete list of options.
make: *** [day03_데이터압축1_main.o] Error 1
"make all" terminated with exit code 2. Build might be incomplete.

**** Build of configuration Debug for project exp_day04 ****

Nothing to build for project exp_day04

**** Build of configuration Debug for project exp_day05 ****

Nothing to build for project exp_day05

**** Build of configuration Debug for project exp_day06 ****

Nothing to build for project exp_day06

**** Build of configuration Debug for project exp_day07 ****

Nothing to build for project exp_day07

**** Build of configuration Debug for project exp_day08 ****

Nothing to build for project exp_day08

**** Build of configuration Debug for project exp_day09 ****

Nothing to build for project exp_day09

**** Build of configuration Debug for project exp_day10 ****

Nothing to build for project exp_day10
00:05:50 **** Incremental Build of configuration Debug for project exp_day03 ****
make all 
Building file: ../day03_데이터압축1_main.cpp
Invoking: GCC C++ Compiler
lldb -O3 -g3 -Wall --std=c++14 -c -fmessage-length=0 -MMD -MP -MF"day03_데이터압축1_main.d" -MT"day03_데이터압축1_main.o" -o "day03_데이터압축1_main.o" "../day03_데이터압축1_main.cpp"
error: unknown option: -O3
error: unknown option: -g3
error: unknown option: -Wall
error: unknown option: --std=c++14
error: unknown option: -MMD
error: unknown option: -MP
error: unknown option: -MFday03_데이터압축1_main.d
error: unknown option: -MTday03_데이터압축1_main.o
Use 'lldb --help' for a complete list of options.
make: *** [day03_데이터압축1_main.o] Error 1
"make all" terminated with exit code 2. Build might be incomplete.
00:06:42 **** Incremental Build of configuration Debug for project exp_day01 ****
make all 
make: Nothing to be done for `all'.
00:06:42 **** Clean-only build of configuration Debug for project exp_day02 ****
make clean 
rm -rf ./day02_Bit_ImageMap3_main.d ./day02_Bit_ImageMap3_main.o ./day02_Bit_ImageMap3_user_ver1_1.d ./day02_Bit_ImageMap3_user_ver1_1.o
rm -rf exp_day02
 

**** Build of configuration Debug for project exp_day02 ****

Nothing to build for project exp_day02
00:06:42 **** Incremental Build of configuration Debug for project exp_day03 ****
make all 
Building file: ../day03_데이터압축1_main.cpp
Invoking: GCC C++ Compiler
g++ -O3 -g3 -Wall --std=c++14 -c -fmessage-length=0 -MMD -MP -MF"day03_데이터압축1_main.d" -MT"day03_데이터압축1_main.o" -o "day03_데이터압축1_main.o" "../day03_데이터압축1_main.cpp"
../day03_데이터압축1_main.cpp:103:24: warning: unused variable 'dummy1' [-Wunused-variable]
  static unsigned char dummy1[1026];
                       ^
../day03_데이터압축1_main.cpp:105:24: warning: unused variable 'dummy2' [-Wunused-variable]
  static unsigned char dummy2[8597];
                       ^
../day03_데이터압축1_main.cpp:107:24: warning: unused variable 'dummy3' [-Wunused-variable]
  static unsigned char dummy3[2329];
                       ^
../day03_데이터압축1_main.cpp:109:24: warning: unused variable 'dummy4' [-Wunused-variable]
  static unsigned char dummy4[3352];
                       ^
../day03_데이터압축1_main.cpp:111:24: warning: unused variable 'dummy5' [-Wunused-variable]
  static unsigned char dummy5[2607];
                       ^
5 warnings generated.
Finished building: ../day03_데이터압축1_main.cpp
 
Building file: ../day03_데이터압축1_user_ver2_1.cpp
Invoking: GCC C++ Compiler
g++ -O3 -g3 -Wall --std=c++14 -c -fmessage-length=0 -MMD -MP -MF"day03_데이터압축1_user_ver2_1.d" -MT"day03_데이터압축1_user_ver2_1.o" -o "day03_데이터압축1_user_ver2_1.o" "../day03_데이터압축1_user_ver2_1.cpp"
../day03_데이터압축1_user_ver2_1.cpp:87:3: warning: 'register' storage class specifier is deprecated and incompatible with C++17 [-Wdeprecated-register]
  rint idxb = 0;
  ^
../day03_데이터압축1_user_ver2_1.cpp:75:14: note: expanded from macro 'rint'
#define rint register int
             ^
../day03_데이터압축1_user_ver2_1.cpp:85:7: warning: unused variable 'popcnt' [-Wunused-variable]
  int popcnt[64] = { 0 };
      ^
../day03_데이터압축1_user_ver2_1.cpp:87:8: warning: unused variable 'idxb' [-Wunused-variable]
  rint idxb = 0;
       ^
../day03_데이터압축1_user_ver2_1.cpp:92:3: warning: 'register' storage class specifier is deprecated and incompatible with C++17 [-Wdeprecated-register]
  rint idxc = 0, idxf = 0;
  ^
../day03_데이터압축1_user_ver2_1.cpp:75:14: note: expanded from macro 'rint'
#define rint register int
             ^
../day03_데이터압축1_user_ver2_1.cpp:92:3: warning: 'register' storage class specifier is deprecated and incompatible with C++17 [-Wdeprecated-register]
../day03_데이터압축1_user_ver2_1.cpp:75:14: note: expanded from macro 'rint'
#define rint register int
             ^
../day03_데이터압축1_user_ver2_1.cpp:95:5: warning: 'register' storage class specifier is deprecated and incompatible with C++17 [-Wdeprecated-register]
    rint code = ((freq[idxf] - 'J') * c3737) + ((freq[idxf + 1] - 'J') * 37)
    ^
../day03_데이터압축1_user_ver2_1.cpp:75:14: note: expanded from macro 'rint'
#define rint register int
             ^
../day03_데이터압축1_user_ver2_1.cpp:105:3: warning: 'register' storage class specifier is deprecated and incompatible with C++17 [-Wdeprecated-register]
  rint idxc = 0, idxf = 0;
  ^
../day03_데이터압축1_user_ver2_1.cpp:75:14: note: expanded from macro 'rint'
#define rint register int
             ^
../day03_데이터압축1_user_ver2_1.cpp:105:3: warning: 'register' storage class specifier is deprecated and incompatible with C++17 [-Wdeprecated-register]
../day03_데이터압축1_user_ver2_1.cpp:75:14: note: expanded from macro 'rint'
#define rint register int
             ^
../day03_데이터압축1_user_ver2_1.cpp:107:5: warning: 'register' storage class specifier is deprecated and incompatible with C++17 [-Wdeprecated-register]
    rint code = (comp[idxc] << 8) | (comp[idxc + 1] & 255);
    ^
../day03_데이터압축1_user_ver2_1.cpp:75:14: note: expanded from macro 'rint'
#define rint register int
             ^
9 warnings generated.
Finished building: ../day03_데이터압축1_user_ver2_1.cpp
 
Building target: exp_day03
Invoking: MacOS X C++ Linker
g++  -o "exp_day03"  ./day03_데이터압축1_main.o ./day03_데이터압축1_user_ver2_1.o   
Finished building target: exp_day03
 

**** Build of configuration Debug for project exp_day04 ****

Nothing to build for project exp_day04

**** Build of configuration Debug for project exp_day05 ****

Nothing to build for project exp_day05

**** Build of configuration Debug for project exp_day06 ****

Nothing to build for project exp_day06

**** Build of configuration Debug for project exp_day07 ****

Nothing to build for project exp_day07

**** Build of configuration Debug for project exp_day08 ****

Nothing to build for project exp_day08

**** Build of configuration Debug for project exp_day09 ****

Nothing to build for project exp_day09

**** Build of configuration Debug for project exp_day10 ****

Nothing to build for project exp_day10
00:06:43 **** Incremental Build of configuration Debug for project exp_day03 ****
make all 
make: Nothing to be done for `all'.
00:07:02 **** Incremental Build of configuration Debug for project exp_day03 ****
make all 
make: Nothing to be done for `all'.
00:08:28 **** Incremental Build of configuration Debug for project exp_day01 ****
make all 
make: Nothing to be done for `all'.
00:08:28 **** Clean-only build of configuration Debug for project exp_day02 ****
make clean 
rm -rf ./day02_Bit_ImageMap3_main.d ./day02_Bit_ImageMap3_main.o ./day02_Bit_ImageMap3_user_ver1_1.d ./day02_Bit_ImageMap3_user_ver1_1.o
rm -rf exp_day02
 

**** Build of configuration Debug for project exp_day02 ****

Nothing to build for project exp_day02
00:08:28 **** Incremental Build of configuration Debug for project exp_day03 ****
make all 
Building file: ../day03_데이터압축1_main.cpp
Invoking: GCC C++ Compiler
lldb -O3 -g3 -Wall --std=c++14 -MMD -MP -MF"day03_데이터압축1_main.d" -MT"day03_데이터압축1_main.o" -o "day03_데이터압축1_main.o" "../day03_데이터압축1_main.cpp"
error: unknown option: -O3
error: unknown option: -g3
error: unknown option: -Wall
error: unknown option: --std=c++14
error: unknown option: -MMD
error: unknown option: -MP
error: unknown option: -MFday03_데이터압축1_main.d
error: unknown option: -MTday03_데이터압축1_main.o
Use 'lldb --help' for a complete list of options.
make: *** [day03_데이터압축1_main.o] Error 1
"make all" terminated with exit code 2. Build might be incomplete.

**** Build of configuration Debug for project exp_day04 ****

Nothing to build for project exp_day04

**** Build of configuration Debug for project exp_day05 ****

Nothing to build for project exp_day05

**** Build of configuration Debug for project exp_day06 ****

Nothing to build for project exp_day06

**** Build of configuration Debug for project exp_day07 ****

Nothing to build for project exp_day07

**** Build of configuration Debug for project exp_day08 ****

Nothing to build for project exp_day08

**** Build of configuration Debug for project exp_day09 ****

Nothing to build for project exp_day09

**** Build of configuration Debug for project exp_day10 ****

Nothing to build for project exp_day10
00:08:33 **** Incremental Build of configuration Debug for project exp_day03 ****
make all 
Building file: ../day03_데이터압축1_main.cpp
Invoking: GCC C++ Compiler
lldb -O3 -g3 -Wall --std=c++14 -MMD -MP -MF"day03_데이터압축1_main.d" -MT"day03_데이터압축1_main.o" -o "day03_데이터압축1_main.o" "../day03_데이터압축1_main.cpp"
error: unknown option: -O3
error: unknown option: -g3
error: unknown option: -Wall
error: unknown option: --std=c++14
error: unknown option: -MMD
error: unknown option: -MP
error: unknown option: -MFday03_데이터압축1_main.d
error: unknown option: -MTday03_데이터압축1_main.o
Use 'lldb --help' for a complete list of options.
make: *** [day03_데이터압축1_main.o] Error 1
"make all" terminated with exit code 2. Build might be incomplete.
00:10:31 **** Incremental Build of configuration Debug for project exp_day01 ****
make all 
make: Nothing to be done for `all'.
00:10:31 **** Clean-only build of configuration Debug for project exp_day02 ****
make clean 
rm -rf ./day02_Bit_ImageMap3_main.d ./day02_Bit_ImageMap3_main.o ./day02_Bit_ImageMap3_user_ver1_1.d ./day02_Bit_ImageMap3_user_ver1_1.o
rm -rf exp_day02
 

**** Build of configuration Debug for project exp_day02 ****

Nothing to build for project exp_day02
00:10:31 **** Incremental Build of configuration Debug for project exp_day03 ****
make all 
Building file: ../day03_데이터압축1_main.cpp
Invoking: GCC C++ Compiler
llvm -O3 -g3 --std=c++14  -c -fmessage-length=0 -MMD -MP -MF"day03_데이터압축1_main.d" -MT"day03_데이터압축1_main.o" -o "day03_데이터압축1_main.o" "../day03_데이터압축1_main.cpp"
/bin/sh: llvm: command not found
make: *** [day03_데이터압축1_main.o] Error 127
"make all" terminated with exit code 2. Build might be incomplete.

**** Build of configuration Debug for project exp_day04 ****

Nothing to build for project exp_day04

**** Build of configuration Debug for project exp_day05 ****

Nothing to build for project exp_day05

**** Build of configuration Debug for project exp_day06 ****

Nothing to build for project exp_day06

**** Build of configuration Debug for project exp_day07 ****

Nothing to build for project exp_day07

**** Build of configuration Debug for project exp_day08 ****

Nothing to build for project exp_day08

**** Build of configuration Debug for project exp_day09 ****

Nothing to build for project exp_day09

**** Build of configuration Debug for project exp_day10 ****

Nothing to build for project exp_day10
00:10:37 **** Incremental Build of configuration Debug for project exp_day03 ****
make all 
Building file: ../day03_데이터압축1_main.cpp
Invoking: GCC C++ Compiler
llvm -O3 -g3 --std=c++14  -c -fmessage-length=0 -MMD -MP -MF"day03_데이터압축1_main.d" -MT"day03_데이터압축1_main.o" -o "day03_데이터압축1_main.o" "../day03_데이터압축1_main.cpp"
/bin/sh: llvm: command not found
make: *** [day03_데이터압축1_main.o] Error 127
"make all" terminated with exit code 2. Build might be incomplete.
00:22:11 **** Incremental Build of configuration Debug for project exp_day01 ****
make all 
make: Nothing to be done for `all'.
00:22:11 **** Clean-only build of configuration Debug for project exp_day02 ****
make clean 
rm -rf ./day02_Bit_ImageMap3_main.d ./day02_Bit_ImageMap3_main.o ./day02_Bit_ImageMap3_user_ver1_1.d ./day02_Bit_ImageMap3_user_ver1_1.o
rm -rf exp_day02
 

**** Build of configuration Debug for project exp_day02 ****

Nothing to build for project exp_day02
00:22:11 **** Incremental Build of configuration Debug for project exp_day03 ****
make all 
Building file: ../day03_데이터압축1_main.cpp
Invoking: GCC C++ Compiler
clang -O3 -g3 --std=c++14  -c -fmessage-length=0 -MMD -MP -MF"day03_데이터압축1_main.d" -MT"day03_데이터압축1_main.o" -o "day03_데이터압축1_main.o" "../day03_데이터압축1_main.cpp"
Finished building: ../day03_데이터압축1_main.cpp
 
Building file: ../day03_데이터압축1_user_ver2_1.cpp
Invoking: GCC C++ Compiler
clang -O3 -g3 --std=c++14  -c -fmessage-length=0 -MMD -MP -MF"day03_데이터압축1_user_ver2_1.d" -MT"day03_데이터압축1_user_ver2_1.o" -o "day03_데이터압축1_user_ver2_1.o" "../day03_데이터압축1_user_ver2_1.cpp"
../day03_데이터압축1_user_ver2_1.cpp:87:3: warning: 'register' storage class specifier is deprecated and incompatible with C++17 [-Wdeprecated-register]
  rint idxb = 0;
  ^
../day03_데이터압축1_user_ver2_1.cpp:75:14: note: expanded from macro 'rint'
#define rint register int
             ^
../day03_데이터압축1_user_ver2_1.cpp:92:3: warning: 'register' storage class specifier is deprecated and incompatible with C++17 [-Wdeprecated-register]
  rint idxc = 0, idxf = 0;
  ^
../day03_데이터압축1_user_ver2_1.cpp:75:14: note: expanded from macro 'rint'
#define rint register int
             ^
../day03_데이터압축1_user_ver2_1.cpp:92:3: warning: 'register' storage class specifier is deprecated and incompatible with C++17 [-Wdeprecated-register]
../day03_데이터압축1_user_ver2_1.cpp:75:14: note: expanded from macro 'rint'
#define rint register int
             ^
../day03_데이터압축1_user_ver2_1.cpp:95:5: warning: 'register' storage class specifier is deprecated and incompatible with C++17 [-Wdeprecated-register]
    rint code = ((freq[idxf] - 'J') * c3737) + ((freq[idxf + 1] - 'J') * 37)
    ^
../day03_데이터압축1_user_ver2_1.cpp:75:14: note: expanded from macro 'rint'
#define rint register int
             ^
../day03_데이터압축1_user_ver2_1.cpp:105:3: warning: 'register' storage class specifier is deprecated and incompatible with C++17 [-Wdeprecated-register]
  rint idxc = 0, idxf = 0;
  ^
../day03_데이터압축1_user_ver2_1.cpp:75:14: note: expanded from macro 'rint'
#define rint register int
             ^
../day03_데이터압축1_user_ver2_1.cpp:105:3: warning: 'register' storage class specifier is deprecated and incompatible with C++17 [-Wdeprecated-register]
../day03_데이터압축1_user_ver2_1.cpp:75:14: note: expanded from macro 'rint'
#define rint register int
             ^
../day03_데이터압축1_user_ver2_1.cpp:107:5: warning: 'register' storage class specifier is deprecated and incompatible with C++17 [-Wdeprecated-register]
    rint code = (comp[idxc] << 8) | (comp[idxc + 1] & 255);
    ^
../day03_데이터압축1_user_ver2_1.cpp:75:14: note: expanded from macro 'rint'
#define rint register int
             ^
7 warnings generated.
Finished building: ../day03_데이터압축1_user_ver2_1.cpp
 
Building target: exp_day03
Invoking: MacOS X C++ Linker
g++  -o "exp_day03"  ./day03_데이터압축1_main.o ./day03_데이터압축1_user_ver2_1.o   
Finished building target: exp_day03
 

**** Build of configuration Debug for project exp_day04 ****

Nothing to build for project exp_day04

**** Build of configuration Debug for project exp_day05 ****

Nothing to build for project exp_day05

**** Build of configuration Debug for project exp_day06 ****

Nothing to build for project exp_day06

**** Build of configuration Debug for project exp_day07 ****

Nothing to build for project exp_day07

**** Build of configuration Debug for project exp_day08 ****

Nothing to build for project exp_day08

**** Build of configuration Debug for project exp_day09 ****

Nothing to build for project exp_day09

**** Build of configuration Debug for project exp_day10 ****

Nothing to build for project exp_day10
00:22:13 **** Incremental Build of configuration Debug for project exp_day03 ****
make all 
make: Nothing to be done for `all'.
00:23:56 **** Incremental Build of configuration Debug for project exp_day03 ****
make all 
make: Nothing to be done for `all'.
00:25:52 **** Incremental Build of configuration Debug for project exp_day03 ****
make all 
make: Nothing to be done for `all'.
00:26:04 **** Incremental Build of configuration Debug for project exp_day03 ****
make all 
make: Nothing to be done for `all'.
00:48:54 **** Incremental Build of configuration Debug for project exp_day03 ****
make all 
make: Nothing to be done for `all'.
20:37:05 **** Incremental Build of configuration Debug for project exp_day01 ****
make all 
make: Nothing to be done for `all'.
20:37:05 **** Clean-only build of configuration Debug for project exp_day02 ****
make clean 
rm -rf ./day02_Bit_ImageMap3_main.d ./day02_Bit_ImageMap3_main.o ./day02_Bit_ImageMap3_user_ver1_1.d ./day02_Bit_ImageMap3_user_ver1_1.o
rm -rf exp_day02
 

**** Build of configuration Debug for project exp_day02 ****

Nothing to build for project exp_day02
20:37:05 **** Incremental Build of configuration Debug for project exp_day03 ****
make all 
Building file: ../day03_데이터압축1_user_ver2_1.cpp
Invoking: GCC C++ Compiler
clang -O3 -g3 --std=c++14  -c -fmessage-length=0 -MMD -MP -MF"day03_데이터압축1_user_ver2_1.d" -MT"day03_데이터압축1_user_ver2_1.o" -o "day03_데이터압축1_user_ver2_1.o" "../day03_데이터압축1_user_ver2_1.cpp"
../day03_데이터압축1_user_ver2_1.cpp:89:3: warning: 'register' storage class specifier is deprecated and incompatible with C++17 [-Wdeprecated-register]
  rint idxb = 0, i = 0, j = 0, k = 0, c = 0;
  ^
../day03_데이터압축1_user_ver2_1.cpp:75:14: note: expanded from macro 'rint'
#define rint register int
             ^
../day03_데이터압축1_user_ver2_1.cpp:89:3: warning: 'register' storage class specifier is deprecated and incompatible with C++17 [-Wdeprecated-register]
../day03_데이터압축1_user_ver2_1.cpp:75:14: note: expanded from macro 'rint'
#define rint register int
             ^
../day03_데이터압축1_user_ver2_1.cpp:89:3: warning: 'register' storage class specifier is deprecated and incompatible with C++17 [-Wdeprecated-register]
../day03_데이터압축1_user_ver2_1.cpp:75:14: note: expanded from macro 'rint'
#define rint register int
             ^
../day03_데이터압축1_user_ver2_1.cpp:89:3: warning: 'register' storage class specifier is deprecated and incompatible with C++17 [-Wdeprecated-register]
../day03_데이터압축1_user_ver2_1.cpp:75:14: note: expanded from macro 'rint'
#define rint register int
             ^
../day03_데이터압축1_user_ver2_1.cpp:89:3: warning: 'register' storage class specifier is deprecated and incompatible with C++17 [-Wdeprecated-register]
../day03_데이터압축1_user_ver2_1.cpp:75:14: note: expanded from macro 'rint'
#define rint register int
             ^
../day03_데이터압축1_user_ver2_1.cpp:98:3: warning: 'register' storage class specifier is deprecated and incompatible with C++17 [-Wdeprecated-register]
  rint x = 0, y = 0;
  ^
../day03_데이터압축1_user_ver2_1.cpp:75:14: note: expanded from macro 'rint'
#define rint register int
             ^
../day03_데이터압축1_user_ver2_1.cpp:98:3: warning: 'register' storage class specifier is deprecated and incompatible with C++17 [-Wdeprecated-register]
../day03_데이터압축1_user_ver2_1.cpp:75:14: note: expanded from macro 'rint'
#define rint register int
             ^
../day03_데이터압축1_user_ver2_1.cpp:101:11: warning: 'register' storage class specifier is deprecated and incompatible with C++17 [-Wdeprecated-register]
    const rint k = 0;
          ^
../day03_데이터압축1_user_ver2_1.cpp:75:14: note: expanded from macro 'rint'
#define rint register int
             ^
../day03_데이터압축1_user_ver2_1.cpp:104:10: warning: 'register' storage class specifier is deprecated and incompatible with C++17 [-Wdeprecated-register]
    for (rint b = 2; b >= 0; b--) { // 8*3=24 bits
         ^
../day03_데이터압축1_user_ver2_1.cpp:75:14: note: expanded from macro 'rint'
#define rint register int
             ^
../day03_데이터압축1_user_ver2_1.cpp:105:9: error: cannot assign to variable 'k' with const-qualified type 'const int'
      k |= ((int) bitMap[i + 2 - b] << 8 * b);
      ~ ^
../day03_데이터압축1_user_ver2_1.cpp:101:16: note: variable 'k' declared const here
    const rint k = 0;
    ~~~~~~~~~~~^~~~~
../day03_데이터압축1_user_ver2_1.cpp:122:11: warning: 'register' storage class specifier is deprecated and incompatible with C++17 [-Wdeprecated-register]
    const rint idx = y * 1000 + x;
          ^
../day03_데이터압축1_user_ver2_1.cpp:75:14: note: expanded from macro 'rint'
#define rint register int
             ^
../day03_데이터압축1_user_ver2_1.cpp:132:3: warning: 'register' storage class specifier is deprecated and incompatible with C++17 [-Wdeprecated-register]
  rint idxc = 0, idxf = 0;
  ^
../day03_데이터압축1_user_ver2_1.cpp:75:14: note: expanded from macro 'rint'
#define rint register int
             ^
../day03_데이터압축1_user_ver2_1.cpp:132:3: warning: 'register' storage class specifier is deprecated and incompatible with C++17 [-Wdeprecated-register]
../day03_데이터압축1_user_ver2_1.cpp:75:14: note: expanded from macro 'rint'
#define rint register int
             ^
../day03_데이터압축1_user_ver2_1.cpp:135:5: warning: 'register' storage class specifier is deprecated and incompatible with C++17 [-Wdeprecated-register]
    rint code = ((freq[idxf] - 'J') * c3737) + ((freq[idxf + 1] - 'J') * 37)
    ^
../day03_데이터압축1_user_ver2_1.cpp:75:14: note: expanded from macro 'rint'
#define rint register int
             ^
../day03_데이터압축1_user_ver2_1.cpp:145:3: warning: 'register' storage class specifier is deprecated and incompatible with C++17 [-Wdeprecated-register]
  rint idxc = 0, idxf = 0;
  ^
../day03_데이터압축1_user_ver2_1.cpp:75:14: note: expanded from macro 'rint'
#define rint register int
             ^
../day03_데이터압축1_user_ver2_1.cpp:145:3: warning: 'register' storage class specifier is deprecated and incompatible with C++17 [-Wdeprecated-register]
../day03_데이터압축1_user_ver2_1.cpp:75:14: note: expanded from macro 'rint'
#define rint register int
             ^
../day03_데이터압축1_user_ver2_1.cpp:147:5: warning: 'register' storage class specifier is deprecated and incompatible with C++17 [-Wdeprecated-register]
    rint code = (comp[idxc] << 8) | (comp[idxc + 1] & 255);
    ^
../day03_데이터압축1_user_ver2_1.cpp:75:14: note: expanded from macro 'rint'
#define rint register int
             ^
16 warnings and 1 error generated.
make: *** [day03_데이터압축1_user_ver2_1.o] Error 1
"make all" terminated with exit code 2. Build might be incomplete.

**** Build of configuration Debug for project exp_day04 ****

Nothing to build for project exp_day04

**** Build of configuration Debug for project exp_day05 ****

Nothing to build for project exp_day05

**** Build of configuration Debug for project exp_day06 ****

Nothing to build for project exp_day06

**** Build of configuration Debug for project exp_day07 ****

Nothing to build for project exp_day07

**** Build of configuration Debug for project exp_day08 ****

Nothing to build for project exp_day08

**** Build of configuration Debug for project exp_day09 ****

Nothing to build for project exp_day09

**** Build of configuration Debug for project exp_day10 ****

Nothing to build for project exp_day10
20:37:22 **** Incremental Build of configuration Debug for project exp_day03 ****
make all 
Building file: ../day03_데이터압축1_user_ver2_1.cpp
Invoking: GCC C++ Compiler
clang -O3 -g3 --std=c++14  -c -fmessage-length=0 -MMD -MP -MF"day03_데이터압축1_user_ver2_1.d" -MT"day03_데이터압축1_user_ver2_1.o" -o "day03_데이터압축1_user_ver2_1.o" "../day03_데이터압축1_user_ver2_1.cpp"
../day03_데이터압축1_user_ver2_1.cpp:89:3: warning: 'register' storage class specifier is deprecated and incompatible with C++17 [-Wdeprecated-register]
  rint idxb = 0, i = 0, j = 0, k = 0, c = 0;
  ^
../day03_데이터압축1_user_ver2_1.cpp:75:14: note: expanded from macro 'rint'
#define rint register int
             ^
../day03_데이터압축1_user_ver2_1.cpp:89:3: warning: 'register' storage class specifier is deprecated and incompatible with C++17 [-Wdeprecated-register]
../day03_데이터압축1_user_ver2_1.cpp:75:14: note: expanded from macro 'rint'
#define rint register int
             ^
../day03_데이터압축1_user_ver2_1.cpp:89:3: warning: 'register' storage class specifier is deprecated and incompatible with C++17 [-Wdeprecated-register]
../day03_데이터압축1_user_ver2_1.cpp:75:14: note: expanded from macro 'rint'
#define rint register int
             ^
../day03_데이터압축1_user_ver2_1.cpp:89:3: warning: 'register' storage class specifier is deprecated and incompatible with C++17 [-Wdeprecated-register]
../day03_데이터압축1_user_ver2_1.cpp:75:14: note: expanded from macro 'rint'
#define rint register int
             ^
../day03_데이터압축1_user_ver2_1.cpp:89:3: warning: 'register' storage class specifier is deprecated and incompatible with C++17 [-Wdeprecated-register]
../day03_데이터압축1_user_ver2_1.cpp:75:14: note: expanded from macro 'rint'
#define rint register int
             ^
../day03_데이터압축1_user_ver2_1.cpp:98:3: warning: 'register' storage class specifier is deprecated and incompatible with C++17 [-Wdeprecated-register]
  rint x = 0, y = 0;
  ^
../day03_데이터압축1_user_ver2_1.cpp:75:14: note: expanded from macro 'rint'
#define rint register int
             ^
../day03_데이터압축1_user_ver2_1.cpp:98:3: warning: 'register' storage class specifier is deprecated and incompatible with C++17 [-Wdeprecated-register]
../day03_데이터압축1_user_ver2_1.cpp:75:14: note: expanded from macro 'rint'
#define rint register int
             ^
../day03_데이터압축1_user_ver2_1.cpp:101:11: warning: 'register' storage class specifier is deprecated and incompatible with C++17 [-Wdeprecated-register]
    const rint k = 0;
          ^
../day03_데이터압축1_user_ver2_1.cpp:75:14: note: expanded from macro 'rint'
#define rint register int
             ^
../day03_데이터압축1_user_ver2_1.cpp:104:10: warning: 'register' storage class specifier is deprecated and incompatible with C++17 [-Wdeprecated-register]
    for (rint b = 2; b >= 0; b--) { // 8*3=24 bits
         ^
../day03_데이터압축1_user_ver2_1.cpp:75:14: note: expanded from macro 'rint'
#define rint register int
             ^
../day03_데이터압축1_user_ver2_1.cpp:105:9: error: cannot assign to variable 'k' with const-qualified type 'const int'
      k |= ((int) bitMap[i + 2 - b] << 8 * b);
      ~ ^
../day03_데이터압축1_user_ver2_1.cpp:101:16: note: variable 'k' declared const here
    const rint k = 0;
    ~~~~~~~~~~~^~~~~
../day03_데이터압축1_user_ver2_1.cpp:122:11: warning: 'register' storage class specifier is deprecated and incompatible with C++17 [-Wdeprecated-register]
    const rint idx = y * 1000 + x;
          ^
../day03_데이터압축1_user_ver2_1.cpp:75:14: note: expanded from macro 'rint'
#define rint register int
             ^
../day03_데이터압축1_user_ver2_1.cpp:132:3: warning: 'register' storage class specifier is deprecated and incompatible with C++17 [-Wdeprecated-register]
  rint idxc = 0, idxf = 0;
  ^
../day03_데이터압축1_user_ver2_1.cpp:75:14: note: expanded from macro 'rint'
#define rint register int
             ^
../day03_데이터압축1_user_ver2_1.cpp:132:3: warning: 'register' storage class specifier is deprecated and incompatible with C++17 [-Wdeprecated-register]
../day03_데이터압축1_user_ver2_1.cpp:75:14: note: expanded from macro 'rint'
#define rint register int
             ^
../day03_데이터압축1_user_ver2_1.cpp:135:5: warning: 'register' storage class specifier is deprecated and incompatible with C++17 [-Wdeprecated-register]
    rint code = ((freq[idxf] - 'J') * c3737) + ((freq[idxf + 1] - 'J') * 37)
    ^
../day03_데이터압축1_user_ver2_1.cpp:75:14: note: expanded from macro 'rint'
#define rint register int
             ^
../day03_데이터압축1_user_ver2_1.cpp:145:3: warning: 'register' storage class specifier is deprecated and incompatible with C++17 [-Wdeprecated-register]
  rint idxc = 0, idxf = 0;
  ^
../day03_데이터압축1_user_ver2_1.cpp:75:14: note: expanded from macro 'rint'
#define rint register int
             ^
../day03_데이터압축1_user_ver2_1.cpp:145:3: warning: 'register' storage class specifier is deprecated and incompatible with C++17 [-Wdeprecated-register]
../day03_데이터압축1_user_ver2_1.cpp:75:14: note: expanded from macro 'rint'
#define rint register int
             ^
../day03_데이터압축1_user_ver2_1.cpp:147:5: warning: 'register' storage class specifier is deprecated and incompatible with C++17 [-Wdeprecated-register]
    rint code = (comp[idxc] << 8) | (comp[idxc + 1] & 255);
    ^
../day03_데이터압축1_user_ver2_1.cpp:75:14: note: expanded from macro 'rint'
#define rint register int
             ^
16 warnings and 1 error generated.
make: *** [day03_데이터압축1_user_ver2_1.o] Error 1
"make all" terminated with exit code 2. Build might be incomplete.
20:37:33 **** Incremental Build of configuration Debug for project exp_day01 ****
make all 
make: Nothing to be done for `all'.
20:37:33 **** Clean-only build of configuration Debug for project exp_day02 ****
make clean 
rm -rf ./day02_Bit_ImageMap3_main.d ./day02_Bit_ImageMap3_main.o ./day02_Bit_ImageMap3_user_ver1_1.d ./day02_Bit_ImageMap3_user_ver1_1.o
rm -rf exp_day02
 

**** Build of configuration Debug for project exp_day02 ****

Nothing to build for project exp_day02
20:37:33 **** Incremental Build of configuration Debug for project exp_day03 ****
make all 
Building file: ../day03_데이터압축1_user_ver2_1.cpp
Invoking: GCC C++ Compiler
clang -O3 -g3 --std=c++14  -c -fmessage-length=0 -MMD -MP -MF"day03_데이터압축1_user_ver2_1.d" -MT"day03_데이터압축1_user_ver2_1.o" -o "day03_데이터압축1_user_ver2_1.o" "../day03_데이터압축1_user_ver2_1.cpp"
../day03_데이터압축1_user_ver2_1.cpp:89:3: warning: 'register' storage class specifier is deprecated and incompatible with C++17 [-Wdeprecated-register]
  rint idxb = 0, i = 0, j = 0, k = 0, c = 0;
  ^
../day03_데이터압축1_user_ver2_1.cpp:75:14: note: expanded from macro 'rint'
#define rint register int
             ^
../day03_데이터압축1_user_ver2_1.cpp:89:3: warning: 'register' storage class specifier is deprecated and incompatible with C++17 [-Wdeprecated-register]
../day03_데이터압축1_user_ver2_1.cpp:75:14: note: expanded from macro 'rint'
#define rint register int
             ^
../day03_데이터압축1_user_ver2_1.cpp:89:3: warning: 'register' storage class specifier is deprecated and incompatible with C++17 [-Wdeprecated-register]
../day03_데이터압축1_user_ver2_1.cpp:75:14: note: expanded from macro 'rint'
#define rint register int
             ^
../day03_데이터압축1_user_ver2_1.cpp:89:3: warning: 'register' storage class specifier is deprecated and incompatible with C++17 [-Wdeprecated-register]
../day03_데이터압축1_user_ver2_1.cpp:75:14: note: expanded from macro 'rint'
#define rint register int
             ^
../day03_데이터압축1_user_ver2_1.cpp:89:3: warning: 'register' storage class specifier is deprecated and incompatible with C++17 [-Wdeprecated-register]
../day03_데이터압축1_user_ver2_1.cpp:75:14: note: expanded from macro 'rint'
#define rint register int
             ^
../day03_데이터압축1_user_ver2_1.cpp:98:3: warning: 'register' storage class specifier is deprecated and incompatible with C++17 [-Wdeprecated-register]
  rint x = 0, y = 0;
  ^
../day03_데이터압축1_user_ver2_1.cpp:75:14: note: expanded from macro 'rint'
#define rint register int
             ^
../day03_데이터압축1_user_ver2_1.cpp:98:3: warning: 'register' storage class specifier is deprecated and incompatible with C++17 [-Wdeprecated-register]
../day03_데이터압축1_user_ver2_1.cpp:75:14: note: expanded from macro 'rint'
#define rint register int
             ^
../day03_데이터압축1_user_ver2_1.cpp:101:11: warning: 'register' storage class specifier is deprecated and incompatible with C++17 [-Wdeprecated-register]
    const rint k = 0;
          ^
../day03_데이터압축1_user_ver2_1.cpp:75:14: note: expanded from macro 'rint'
#define rint register int
             ^
../day03_데이터압축1_user_ver2_1.cpp:104:10: warning: 'register' storage class specifier is deprecated and incompatible with C++17 [-Wdeprecated-register]
    for (rint b = 2; b >= 0; b--) { // 8*3=24 bits
         ^
../day03_데이터압축1_user_ver2_1.cpp:75:14: note: expanded from macro 'rint'
#define rint register int
             ^
../day03_데이터압축1_user_ver2_1.cpp:105:9: error: cannot assign to variable 'k' with const-qualified type 'const int'
      k |= ((int) bitMap[i + 2 - b] << 8 * b);
      ~ ^
../day03_데이터압축1_user_ver2_1.cpp:101:16: note: variable 'k' declared const here
    const rint k = 0;
    ~~~~~~~~~~~^~~~~
../day03_데이터압축1_user_ver2_1.cpp:132:3: warning: 'register' storage class specifier is deprecated and incompatible with C++17 [-Wdeprecated-register]
  rint idxc = 0, idxf = 0;
  ^
../day03_데이터압축1_user_ver2_1.cpp:75:14: note: expanded from macro 'rint'
#define rint register int
             ^
../day03_데이터압축1_user_ver2_1.cpp:132:3: warning: 'register' storage class specifier is deprecated and incompatible with C++17 [-Wdeprecated-register]
../day03_데이터압축1_user_ver2_1.cpp:75:14: note: expanded from macro 'rint'
#define rint register int
             ^
../day03_데이터압축1_user_ver2_1.cpp:135:5: warning: 'register' storage class specifier is deprecated and incompatible with C++17 [-Wdeprecated-register]
    rint code = ((freq[idxf] - 'J') * c3737) + ((freq[idxf + 1] - 'J') * 37)
    ^
../day03_데이터압축1_user_ver2_1.cpp:75:14: note: expanded from macro 'rint'
#define rint register int
             ^
../day03_데이터압축1_user_ver2_1.cpp:145:3: warning: 'register' storage class specifier is deprecated and incompatible with C++17 [-Wdeprecated-register]
  rint idxc = 0, idxf = 0;
  ^
../day03_데이터압축1_user_ver2_1.cpp:75:14: note: expanded from macro 'rint'
#define rint register int
             ^
../day03_데이터압축1_user_ver2_1.cpp:145:3: warning: 'register' storage class specifier is deprecated and incompatible with C++17 [-Wdeprecated-register]
../day03_데이터압축1_user_ver2_1.cpp:75:14: note: expanded from macro 'rint'
#define rint register int
             ^
../day03_데이터압축1_user_ver2_1.cpp:147:5: warning: 'register' storage class specifier is deprecated and incompatible with C++17 [-Wdeprecated-register]
    rint code = (comp[idxc] << 8) | (comp[idxc + 1] & 255);
    ^
../day03_데이터압축1_user_ver2_1.cpp:75:14: note: expanded from macro 'rint'
#define rint register int
             ^
15 warnings and 1 error generated.
make: *** [day03_데이터압축1_user_ver2_1.o] Error 1
"make all" terminated with exit code 2. Build might be incomplete.

**** Build of configuration Debug for project exp_day04 ****

Nothing to build for project exp_day04

**** Build of configuration Debug for project exp_day05 ****

Nothing to build for project exp_day05

**** Build of configuration Debug for project exp_day06 ****

Nothing to build for project exp_day06

**** Build of configuration Debug for project exp_day07 ****

Nothing to build for project exp_day07

**** Build of configuration Debug for project exp_day08 ****

Nothing to build for project exp_day08

**** Build of configuration Debug for project exp_day09 ****

Nothing to build for project exp_day09

**** Build of configuration Debug for project exp_day10 ****

Nothing to build for project exp_day10
20:37:36 **** Incremental Build of configuration Debug for project exp_day03 ****
make all 
Building file: ../day03_데이터압축1_user_ver2_1.cpp
Invoking: GCC C++ Compiler
clang -O3 -g3 --std=c++14  -c -fmessage-length=0 -MMD -MP -MF"day03_데이터압축1_user_ver2_1.d" -MT"day03_데이터압축1_user_ver2_1.o" -o "day03_데이터압축1_user_ver2_1.o" "../day03_데이터압축1_user_ver2_1.cpp"
../day03_데이터압축1_user_ver2_1.cpp:89:3: warning: 'register' storage class specifier is deprecated and incompatible with C++17 [-Wdeprecated-register]
  rint idxb = 0, i = 0, j = 0, k = 0, c = 0;
  ^
../day03_데이터압축1_user_ver2_1.cpp:75:14: note: expanded from macro 'rint'
#define rint register int
             ^
../day03_데이터압축1_user_ver2_1.cpp:89:3: warning: 'register' storage class specifier is deprecated and incompatible with C++17 [-Wdeprecated-register]
../day03_데이터압축1_user_ver2_1.cpp:75:14: note: expanded from macro 'rint'
#define rint register int
             ^
../day03_데이터압축1_user_ver2_1.cpp:89:3: warning: 'register' storage class specifier is deprecated and incompatible with C++17 [-Wdeprecated-register]
../day03_데이터압축1_user_ver2_1.cpp:75:14: note: expanded from macro 'rint'
#define rint register int
             ^
../day03_데이터압축1_user_ver2_1.cpp:89:3: warning: 'register' storage class specifier is deprecated and incompatible with C++17 [-Wdeprecated-register]
../day03_데이터압축1_user_ver2_1.cpp:75:14: note: expanded from macro 'rint'
#define rint register int
             ^
../day03_데이터압축1_user_ver2_1.cpp:89:3: warning: 'register' storage class specifier is deprecated and incompatible with C++17 [-Wdeprecated-register]
../day03_데이터압축1_user_ver2_1.cpp:75:14: note: expanded from macro 'rint'
#define rint register int
             ^
../day03_데이터압축1_user_ver2_1.cpp:98:3: warning: 'register' storage class specifier is deprecated and incompatible with C++17 [-Wdeprecated-register]
  rint x = 0, y = 0;
  ^
../day03_데이터압축1_user_ver2_1.cpp:75:14: note: expanded from macro 'rint'
#define rint register int
             ^
../day03_데이터압축1_user_ver2_1.cpp:98:3: warning: 'register' storage class specifier is deprecated and incompatible with C++17 [-Wdeprecated-register]
../day03_데이터압축1_user_ver2_1.cpp:75:14: note: expanded from macro 'rint'
#define rint register int
             ^
../day03_데이터압축1_user_ver2_1.cpp:101:11: warning: 'register' storage class specifier is deprecated and incompatible with C++17 [-Wdeprecated-register]
    const rint k = 0;
          ^
../day03_데이터압축1_user_ver2_1.cpp:75:14: note: expanded from macro 'rint'
#define rint register int
             ^
../day03_데이터압축1_user_ver2_1.cpp:104:10: warning: 'register' storage class specifier is deprecated and incompatible with C++17 [-Wdeprecated-register]
    for (rint b = 2; b >= 0; b--) { // 8*3=24 bits
         ^
../day03_데이터압축1_user_ver2_1.cpp:75:14: note: expanded from macro 'rint'
#define rint register int
             ^
../day03_데이터압축1_user_ver2_1.cpp:105:9: error: cannot assign to variable 'k' with const-qualified type 'const int'
      k |= ((int) bitMap[i + 2 - b] << 8 * b);
      ~ ^
../day03_데이터압축1_user_ver2_1.cpp:101:16: note: variable 'k' declared const here
    const rint k = 0;
    ~~~~~~~~~~~^~~~~
../day03_데이터압축1_user_ver2_1.cpp:132:3: warning: 'register' storage class specifier is deprecated and incompatible with C++17 [-Wdeprecated-register]
  rint idxc = 0, idxf = 0;
  ^
../day03_데이터압축1_user_ver2_1.cpp:75:14: note: expanded from macro 'rint'
#define rint register int
             ^
../day03_데이터압축1_user_ver2_1.cpp:132:3: warning: 'register' storage class specifier is deprecated and incompatible with C++17 [-Wdeprecated-register]
../day03_데이터압축1_user_ver2_1.cpp:75:14: note: expanded from macro 'rint'
#define rint register int
             ^
../day03_데이터압축1_user_ver2_1.cpp:135:5: warning: 'register' storage class specifier is deprecated and incompatible with C++17 [-Wdeprecated-register]
    rint code = ((freq[idxf] - 'J') * c3737) + ((freq[idxf + 1] - 'J') * 37)
    ^
../day03_데이터압축1_user_ver2_1.cpp:75:14: note: expanded from macro 'rint'
#define rint register int
             ^
../day03_데이터압축1_user_ver2_1.cpp:145:3: warning: 'register' storage class specifier is deprecated and incompatible with C++17 [-Wdeprecated-register]
  rint idxc = 0, idxf = 0;
  ^
../day03_데이터압축1_user_ver2_1.cpp:75:14: note: expanded from macro 'rint'
#define rint register int
             ^
../day03_데이터압축1_user_ver2_1.cpp:145:3: warning: 'register' storage class specifier is deprecated and incompatible with C++17 [-Wdeprecated-register]
../day03_데이터압축1_user_ver2_1.cpp:75:14: note: expanded from macro 'rint'
#define rint register int
             ^
../day03_데이터압축1_user_ver2_1.cpp:147:5: warning: 'register' storage class specifier is deprecated and incompatible with C++17 [-Wdeprecated-register]
    rint code = (comp[idxc] << 8) | (comp[idxc + 1] & 255);
    ^
../day03_데이터압축1_user_ver2_1.cpp:75:14: note: expanded from macro 'rint'
#define rint register int
             ^
15 warnings and 1 error generated.
make: *** [day03_데이터압축1_user_ver2_1.o] Error 1
"make all" terminated with exit code 2. Build might be incomplete.
20:38:41 **** Incremental Build of configuration Debug for project exp_day01 ****
make all 
make: Nothing to be done for `all'.
20:38:41 **** Clean-only build of configuration Debug for project exp_day02 ****
make clean 
rm -rf ./day02_Bit_ImageMap3_main.d ./day02_Bit_ImageMap3_main.o ./day02_Bit_ImageMap3_user_ver1_1.d ./day02_Bit_ImageMap3_user_ver1_1.o
rm -rf exp_day02
 

**** Build of configuration Debug for project exp_day02 ****

Nothing to build for project exp_day02
20:38:41 **** Incremental Build of configuration Debug for project exp_day03 ****
make all 
Building file: ../day03_데이터압축1_user_ver2_1.cpp
Invoking: GCC C++ Compiler
clang -O3 -g3 --std=c++14  -c -fmessage-length=0 -MMD -MP -MF"day03_데이터압축1_user_ver2_1.d" -MT"day03_데이터압축1_user_ver2_1.o" -o "day03_데이터압축1_user_ver2_1.o" "../day03_데이터압축1_user_ver2_1.cpp"
../day03_데이터압축1_user_ver2_1.cpp:89:3: warning: 'register' storage class specifier is deprecated and incompatible with C++17 [-Wdeprecated-register]
  rint idxb = 0, i = 0, j = 0, k = 0, c = 0;
  ^
../day03_데이터압축1_user_ver2_1.cpp:75:14: note: expanded from macro 'rint'
#define rint register int
             ^
../day03_데이터압축1_user_ver2_1.cpp:89:3: warning: 'register' storage class specifier is deprecated and incompatible with C++17 [-Wdeprecated-register]
../day03_데이터압축1_user_ver2_1.cpp:75:14: note: expanded from macro 'rint'
#define rint register int
             ^
../day03_데이터압축1_user_ver2_1.cpp:89:3: warning: 'register' storage class specifier is deprecated and incompatible with C++17 [-Wdeprecated-register]
../day03_데이터압축1_user_ver2_1.cpp:75:14: note: expanded from macro 'rint'
#define rint register int
             ^
../day03_데이터압축1_user_ver2_1.cpp:89:3: warning: 'register' storage class specifier is deprecated and incompatible with C++17 [-Wdeprecated-register]
../day03_데이터압축1_user_ver2_1.cpp:75:14: note: expanded from macro 'rint'
#define rint register int
             ^
../day03_데이터압축1_user_ver2_1.cpp:89:3: warning: 'register' storage class specifier is deprecated and incompatible with C++17 [-Wdeprecated-register]
../day03_데이터압축1_user_ver2_1.cpp:75:14: note: expanded from macro 'rint'
#define rint register int
             ^
../day03_데이터압축1_user_ver2_1.cpp:98:3: warning: 'register' storage class specifier is deprecated and incompatible with C++17 [-Wdeprecated-register]
  rint x = 0, y = 0;
  ^
../day03_데이터압축1_user_ver2_1.cpp:75:14: note: expanded from macro 'rint'
#define rint register int
             ^
../day03_데이터압축1_user_ver2_1.cpp:98:3: warning: 'register' storage class specifier is deprecated and incompatible with C++17 [-Wdeprecated-register]
../day03_데이터압축1_user_ver2_1.cpp:75:14: note: expanded from macro 'rint'
#define rint register int
             ^
../day03_데이터압축1_user_ver2_1.cpp:101:5: warning: 'register' storage class specifier is deprecated and incompatible with C++17 [-Wdeprecated-register]
    rint k = 0;
    ^
../day03_데이터압축1_user_ver2_1.cpp:75:14: note: expanded from macro 'rint'
#define rint register int
             ^
../day03_데이터압축1_user_ver2_1.cpp:104:10: warning: 'register' storage class specifier is deprecated and incompatible with C++17 [-Wdeprecated-register]
    for (rint b = 2; b >= 0; b--) { // 8*3=24 bits
         ^
../day03_데이터압축1_user_ver2_1.cpp:75:14: note: expanded from macro 'rint'
#define rint register int
             ^
../day03_데이터압축1_user_ver2_1.cpp:132:3: warning: 'register' storage class specifier is deprecated and incompatible with C++17 [-Wdeprecated-register]
  rint idxc = 0, idxf = 0;
  ^
../day03_데이터압축1_user_ver2_1.cpp:75:14: note: expanded from macro 'rint'
#define rint register int
             ^
../day03_데이터압축1_user_ver2_1.cpp:132:3: warning: 'register' storage class specifier is deprecated and incompatible with C++17 [-Wdeprecated-register]
../day03_데이터압축1_user_ver2_1.cpp:75:14: note: expanded from macro 'rint'
#define rint register int
             ^
../day03_데이터압축1_user_ver2_1.cpp:135:5: warning: 'register' storage class specifier is deprecated and incompatible with C++17 [-Wdeprecated-register]
    rint code = ((freq[idxf] - 'J') * c3737) + ((freq[idxf + 1] - 'J') * 37)
    ^
../day03_데이터압축1_user_ver2_1.cpp:75:14: note: expanded from macro 'rint'
#define rint register int
             ^
../day03_데이터압축1_user_ver2_1.cpp:145:3: warning: 'register' storage class specifier is deprecated and incompatible with C++17 [-Wdeprecated-register]
  rint idxc = 0, idxf = 0;
  ^
../day03_데이터압축1_user_ver2_1.cpp:75:14: note: expanded from macro 'rint'
#define rint register int
             ^
../day03_데이터압축1_user_ver2_1.cpp:145:3: warning: 'register' storage class specifier is deprecated and incompatible with C++17 [-Wdeprecated-register]
../day03_데이터압축1_user_ver2_1.cpp:75:14: note: expanded from macro 'rint'
#define rint register int
             ^
../day03_데이터압축1_user_ver2_1.cpp:147:5: warning: 'register' storage class specifier is deprecated and incompatible with C++17 [-Wdeprecated-register]
    rint code = (comp[idxc] << 8) | (comp[idxc + 1] & 255);
    ^
../day03_데이터압축1_user_ver2_1.cpp:75:14: note: expanded from macro 'rint'
#define rint register int
             ^
15 warnings generated.
Finished building: ../day03_데이터압축1_user_ver2_1.cpp
 
Building target: exp_day03
Invoking: MacOS X C++ Linker
g++  -o "exp_day03"  ./day03_데이터압축1_main.o ./day03_데이터압축1_user_ver2_1.o   
Finished building target: exp_day03
 

**** Build of configuration Debug for project exp_day04 ****

Nothing to build for project exp_day04

**** Build of configuration Debug for project exp_day05 ****

Nothing to build for project exp_day05

**** Build of configuration Debug for project exp_day06 ****

Nothing to build for project exp_day06

**** Build of configuration Debug for project exp_day07 ****

Nothing to build for project exp_day07

**** Build of configuration Debug for project exp_day08 ****

Nothing to build for project exp_day08

**** Build of configuration Debug for project exp_day09 ****

Nothing to build for project exp_day09

**** Build of configuration Debug for project exp_day10 ****

Nothing to build for project exp_day10
20:38:46 **** Incremental Build of configuration Debug for project exp_day01 ****
make all 
make: Nothing to be done for `all'.
20:38:47 **** Clean-only build of configuration Debug for project exp_day02 ****
make clean 
rm -rf ./day02_Bit_ImageMap3_main.d ./day02_Bit_ImageMap3_main.o ./day02_Bit_ImageMap3_user_ver1_1.d ./day02_Bit_ImageMap3_user_ver1_1.o
rm -rf exp_day02
 

**** Build of configuration Debug for project exp_day02 ****

Nothing to build for project exp_day02
20:38:47 **** Incremental Build of configuration Debug for project exp_day03 ****
make all 
Building file: ../day03_데이터압축1_user_ver2_1.cpp
Invoking: GCC C++ Compiler
clang -O3 -g3 --std=c++14  -c -fmessage-length=0 -MMD -MP -MF"day03_데이터압축1_user_ver2_1.d" -MT"day03_데이터압축1_user_ver2_1.o" -o "day03_데이터압축1_user_ver2_1.o" "../day03_데이터압축1_user_ver2_1.cpp"
../day03_데이터압축1_user_ver2_1.cpp:89:3: warning: 'register' storage class specifier is deprecated and incompatible with C++17 [-Wdeprecated-register]
  rint idxb = 0, i = 0, j = 0, k = 0, c = 0;
  ^
../day03_데이터압축1_user_ver2_1.cpp:75:14: note: expanded from macro 'rint'
#define rint register int
             ^
../day03_데이터압축1_user_ver2_1.cpp:89:3: warning: 'register' storage class specifier is deprecated and incompatible with C++17 [-Wdeprecated-register]
../day03_데이터압축1_user_ver2_1.cpp:75:14: note: expanded from macro 'rint'
#define rint register int
             ^
../day03_데이터압축1_user_ver2_1.cpp:89:3: warning: 'register' storage class specifier is deprecated and incompatible with C++17 [-Wdeprecated-register]
../day03_데이터압축1_user_ver2_1.cpp:75:14: note: expanded from macro 'rint'
#define rint register int
             ^
../day03_데이터압축1_user_ver2_1.cpp:89:3: warning: 'register' storage class specifier is deprecated and incompatible with C++17 [-Wdeprecated-register]
../day03_데이터압축1_user_ver2_1.cpp:75:14: note: expanded from macro 'rint'
#define rint register int
             ^
../day03_데이터압축1_user_ver2_1.cpp:89:3: warning: 'register' storage class specifier is deprecated and incompatible with C++17 [-Wdeprecated-register]
../day03_데이터압축1_user_ver2_1.cpp:75:14: note: expanded from macro 'rint'
#define rint register int
             ^
../day03_데이터압축1_user_ver2_1.cpp:98:3: warning: 'register' storage class specifier is deprecated and incompatible with C++17 [-Wdeprecated-register]
  rint x = 0, y = 0;
  ^
../day03_데이터압축1_user_ver2_1.cpp:75:14: note: expanded from macro 'rint'
#define rint register int
             ^
../day03_데이터압축1_user_ver2_1.cpp:98:3: warning: 'register' storage class specifier is deprecated and incompatible with C++17 [-Wdeprecated-register]
../day03_데이터압축1_user_ver2_1.cpp:75:14: note: expanded from macro 'rint'
#define rint register int
             ^
../day03_데이터압축1_user_ver2_1.cpp:101:5: warning: 'register' storage class specifier is deprecated and incompatible with C++17 [-Wdeprecated-register]
    rint k = 0;
    ^
../day03_데이터압축1_user_ver2_1.cpp:75:14: note: expanded from macro 'rint'
#define rint register int
             ^
../day03_데이터압축1_user_ver2_1.cpp:104:10: warning: 'register' storage class specifier is deprecated and incompatible with C++17 [-Wdeprecated-register]
    for (rint b = 2; b >= 0; b--) { // 8*3=24 bits
         ^
../day03_데이터압축1_user_ver2_1.cpp:75:14: note: expanded from macro 'rint'
#define rint register int
             ^
../day03_데이터압축1_user_ver2_1.cpp:122:11: warning: 'register' storage class specifier is deprecated and incompatible with C++17 [-Wdeprecated-register]
    const rint idx = y * 1000 + x;
          ^
../day03_데이터압축1_user_ver2_1.cpp:75:14: note: expanded from macro 'rint'
#define rint register int
             ^
../day03_데이터압축1_user_ver2_1.cpp:132:3: warning: 'register' storage class specifier is deprecated and incompatible with C++17 [-Wdeprecated-register]
  rint idxc = 0, idxf = 0;
  ^
../day03_데이터압축1_user_ver2_1.cpp:75:14: note: expanded from macro 'rint'
#define rint register int
             ^
../day03_데이터압축1_user_ver2_1.cpp:132:3: warning: 'register' storage class specifier is deprecated and incompatible with C++17 [-Wdeprecated-register]
../day03_데이터압축1_user_ver2_1.cpp:75:14: note: expanded from macro 'rint'
#define rint register int
             ^
../day03_데이터압축1_user_ver2_1.cpp:135:5: warning: 'register' storage class specifier is deprecated and incompatible with C++17 [-Wdeprecated-register]
    rint code = ((freq[idxf] - 'J') * c3737) + ((freq[idxf + 1] - 'J') * 37)
    ^
../day03_데이터압축1_user_ver2_1.cpp:75:14: note: expanded from macro 'rint'
#define rint register int
             ^
../day03_데이터압축1_user_ver2_1.cpp:145:3: warning: 'register' storage class specifier is deprecated and incompatible with C++17 [-Wdeprecated-register]
  rint idxc = 0, idxf = 0;
  ^
../day03_데이터압축1_user_ver2_1.cpp:75:14: note: expanded from macro 'rint'
#define rint register int
             ^
../day03_데이터압축1_user_ver2_1.cpp:145:3: warning: 'register' storage class specifier is deprecated and incompatible with C++17 [-Wdeprecated-register]
../day03_데이터압축1_user_ver2_1.cpp:75:14: note: expanded from macro 'rint'
#define rint register int
             ^
../day03_데이터압축1_user_ver2_1.cpp:147:5: warning: 'register' storage class specifier is deprecated and incompatible with C++17 [-Wdeprecated-register]
    rint code = (comp[idxc] << 8) | (comp[idxc + 1] & 255);
    ^
../day03_데이터압축1_user_ver2_1.cpp:75:14: note: expanded from macro 'rint'
#define rint register int
             ^
16 warnings generated.
Finished building: ../day03_데이터압축1_user_ver2_1.cpp
 
Building target: exp_day03
Invoking: MacOS X C++ Linker
g++  -o "exp_day03"  ./day03_데이터압축1_main.o ./day03_데이터압축1_user_ver2_1.o   
Finished building target: exp_day03
 

**** Build of configuration Debug for project exp_day04 ****

Nothing to build for project exp_day04

**** Build of configuration Debug for project exp_day05 ****

Nothing to build for project exp_day05

**** Build of configuration Debug for project exp_day06 ****

Nothing to build for project exp_day06

**** Build of configuration Debug for project exp_day07 ****

Nothing to build for project exp_day07

**** Build of configuration Debug for project exp_day08 ****

Nothing to build for project exp_day08

**** Build of configuration Debug for project exp_day09 ****

Nothing to build for project exp_day09

**** Build of configuration Debug for project exp_day10 ****

Nothing to build for project exp_day10
20:38:50 **** Incremental Build of configuration Debug for project exp_day03 ****
make all 
make: Nothing to be done for `all'.
20:39:34 **** Incremental Build of configuration Debug for project exp_day03 ****
make all 
Building file: ../day03_데이터압축1_user_ver2_1.cpp
Invoking: GCC C++ Compiler
clang -O3 -g3 --std=c++14  -c -fmessage-length=0 -MMD -MP -MF"day03_데이터압축1_user_ver2_1.d" -MT"day03_데이터압축1_user_ver2_1.o" -o "day03_데이터압축1_user_ver2_1.o" "../day03_데이터압축1_user_ver2_1.cpp"
../day03_데이터압축1_user_ver2_1.cpp:132:3: warning: 'register' storage class specifier is deprecated and incompatible with C++17 [-Wdeprecated-register]
  rint idxc = 0, idxf = 0;
  ^
../day03_데이터압축1_user_ver2_1.cpp:75:14: note: expanded from macro 'rint'
#define rint register int
             ^
../day03_데이터압축1_user_ver2_1.cpp:132:3: warning: 'register' storage class specifier is deprecated and incompatible with C++17 [-Wdeprecated-register]
../day03_데이터압축1_user_ver2_1.cpp:75:14: note: expanded from macro 'rint'
#define rint register int
             ^
../day03_데이터압축1_user_ver2_1.cpp:135:5: warning: 'register' storage class specifier is deprecated and incompatible with C++17 [-Wdeprecated-register]
    rint code = ((freq[idxf] - 'J') * c3737) + ((freq[idxf + 1] - 'J') * 37)
    ^
../day03_데이터압축1_user_ver2_1.cpp:75:14: note: expanded from macro 'rint'
#define rint register int
             ^
../day03_데이터압축1_user_ver2_1.cpp:145:3: warning: 'register' storage class specifier is deprecated and incompatible with C++17 [-Wdeprecated-register]
  rint idxc = 0, idxf = 0;
  ^
../day03_데이터압축1_user_ver2_1.cpp:75:14: note: expanded from macro 'rint'
#define rint register int
             ^
../day03_데이터압축1_user_ver2_1.cpp:145:3: warning: 'register' storage class specifier is deprecated and incompatible with C++17 [-Wdeprecated-register]
../day03_데이터압축1_user_ver2_1.cpp:75:14: note: expanded from macro 'rint'
#define rint register int
             ^
../day03_데이터압축1_user_ver2_1.cpp:147:5: warning: 'register' storage class specifier is deprecated and incompatible with C++17 [-Wdeprecated-register]
    rint code = (comp[idxc] << 8) | (comp[idxc + 1] & 255);
    ^
../day03_데이터압축1_user_ver2_1.cpp:75:14: note: expanded from macro 'rint'
#define rint register int
             ^
6 warnings generated.
Finished building: ../day03_데이터압축1_user_ver2_1.cpp
 
Building target: exp_day03
Invoking: MacOS X C++ Linker
g++  -o "exp_day03"  ./day03_데이터압축1_main.o ./day03_데이터압축1_user_ver2_1.o   
Finished building target: exp_day03
 
20:39:47 **** Incremental Build of configuration Debug for project exp_day01 ****
make all 
make: Nothing to be done for `all'.
20:39:47 **** Clean-only build of configuration Debug for project exp_day02 ****
make clean 
rm -rf ./day02_Bit_ImageMap3_main.d ./day02_Bit_ImageMap3_main.o ./day02_Bit_ImageMap3_user_ver1_1.d ./day02_Bit_ImageMap3_user_ver1_1.o
rm -rf exp_day02
 

**** Build of configuration Debug for project exp_day02 ****

Nothing to build for project exp_day02
20:39:47 **** Incremental Build of configuration Debug for project exp_day03 ****
make all 
Building file: ../day03_데이터압축1_user_ver2_1.cpp
Invoking: GCC C++ Compiler
clang -O3 -g3 --std=c++14  -c -fmessage-length=0 -MMD -MP -MF"day03_데이터압축1_user_ver2_1.d" -MT"day03_데이터압축1_user_ver2_1.o" -o "day03_데이터압축1_user_ver2_1.o" "../day03_데이터압축1_user_ver2_1.cpp"
../day03_데이터압축1_user_ver2_1.cpp:89:3: warning: 'register' storage class specifier is deprecated and incompatible with C++17 [-Wdeprecated-register]
  rint idxb = 0, i = 0, j = 0, k = 0, c = 0;
  ^
../day03_데이터압축1_user_ver2_1.cpp:75:14: note: expanded from macro 'rint'
#define rint register int
             ^
../day03_데이터압축1_user_ver2_1.cpp:89:3: warning: 'register' storage class specifier is deprecated and incompatible with C++17 [-Wdeprecated-register]
../day03_데이터압축1_user_ver2_1.cpp:75:14: note: expanded from macro 'rint'
#define rint register int
             ^
../day03_데이터압축1_user_ver2_1.cpp:89:3: warning: 'register' storage class specifier is deprecated and incompatible with C++17 [-Wdeprecated-register]
../day03_데이터압축1_user_ver2_1.cpp:75:14: note: expanded from macro 'rint'
#define rint register int
             ^
../day03_데이터압축1_user_ver2_1.cpp:89:3: warning: 'register' storage class specifier is deprecated and incompatible with C++17 [-Wdeprecated-register]
../day03_데이터압축1_user_ver2_1.cpp:75:14: note: expanded from macro 'rint'
#define rint register int
             ^
../day03_데이터압축1_user_ver2_1.cpp:89:3: warning: 'register' storage class specifier is deprecated and incompatible with C++17 [-Wdeprecated-register]
../day03_데이터압축1_user_ver2_1.cpp:75:14: note: expanded from macro 'rint'
#define rint register int
             ^
../day03_데이터압축1_user_ver2_1.cpp:98:3: warning: 'register' storage class specifier is deprecated and incompatible with C++17 [-Wdeprecated-register]
  rint x = 0, y = 0;
  ^
../day03_데이터압축1_user_ver2_1.cpp:75:14: note: expanded from macro 'rint'
#define rint register int
             ^
../day03_데이터압축1_user_ver2_1.cpp:98:3: warning: 'register' storage class specifier is deprecated and incompatible with C++17 [-Wdeprecated-register]
../day03_데이터압축1_user_ver2_1.cpp:75:14: note: expanded from macro 'rint'
#define rint register int
             ^
../day03_데이터압축1_user_ver2_1.cpp:101:5: warning: 'register' storage class specifier is deprecated and incompatible with C++17 [-Wdeprecated-register]
    rint k = 0;
    ^
../day03_데이터압축1_user_ver2_1.cpp:75:14: note: expanded from macro 'rint'
#define rint register int
             ^
../day03_데이터압축1_user_ver2_1.cpp:104:10: warning: 'register' storage class specifier is deprecated and incompatible with C++17 [-Wdeprecated-register]
    for (rint b = 2; b >= 0; b--) { // 8*3=24 bits
         ^
../day03_데이터압축1_user_ver2_1.cpp:75:14: note: expanded from macro 'rint'
#define rint register int
             ^
../day03_데이터압축1_user_ver2_1.cpp:122:11: warning: 'register' storage class specifier is deprecated and incompatible with C++17 [-Wdeprecated-register]
    const rint idx = y * 1000 + x;
          ^
../day03_데이터압축1_user_ver2_1.cpp:75:14: note: expanded from macro 'rint'
#define rint register int
             ^
../day03_데이터압축1_user_ver2_1.cpp:132:3: warning: 'register' storage class specifier is deprecated and incompatible with C++17 [-Wdeprecated-register]
  rint idxc = 0, idxf = 0;
  ^
../day03_데이터압축1_user_ver2_1.cpp:75:14: note: expanded from macro 'rint'
#define rint register int
             ^
../day03_데이터압축1_user_ver2_1.cpp:132:3: warning: 'register' storage class specifier is deprecated and incompatible with C++17 [-Wdeprecated-register]
../day03_데이터압축1_user_ver2_1.cpp:75:14: note: expanded from macro 'rint'
#define rint register int
             ^
../day03_데이터압축1_user_ver2_1.cpp:135:5: warning: 'register' storage class specifier is deprecated and incompatible with C++17 [-Wdeprecated-register]
    rint code = ((freq[idxf] - 'J') * c3737) + ((freq[idxf + 1] - 'J') * 37)
    ^
../day03_데이터압축1_user_ver2_1.cpp:75:14: note: expanded from macro 'rint'
#define rint register int
             ^
../day03_데이터압축1_user_ver2_1.cpp:145:3: warning: 'register' storage class specifier is deprecated and incompatible with C++17 [-Wdeprecated-register]
  rint idxc = 0, idxf = 0;
  ^
../day03_데이터압축1_user_ver2_1.cpp:75:14: note: expanded from macro 'rint'
#define rint register int
             ^
../day03_데이터압축1_user_ver2_1.cpp:145:3: warning: 'register' storage class specifier is deprecated and incompatible with C++17 [-Wdeprecated-register]
../day03_데이터압축1_user_ver2_1.cpp:75:14: note: expanded from macro 'rint'
#define rint register int
             ^
../day03_데이터압축1_user_ver2_1.cpp:147:5: warning: 'register' storage class specifier is deprecated and incompatible with C++17 [-Wdeprecated-register]
    rint code = (comp[idxc] << 8) | (comp[idxc + 1] & 255);
    ^
../day03_데이터압축1_user_ver2_1.cpp:75:14: note: expanded from macro 'rint'
#define rint register int
             ^
16 warnings generated.
Finished building: ../day03_데이터압축1_user_ver2_1.cpp
 
Building target: exp_day03
Invoking: MacOS X C++ Linker
g++  -o "exp_day03"  ./day03_데이터압축1_main.o ./day03_데이터압축1_user_ver2_1.o   
Finished building target: exp_day03
 

**** Build of configuration Debug for project exp_day04 ****

Nothing to build for project exp_day04

**** Build of configuration Debug for project exp_day05 ****

Nothing to build for project exp_day05

**** Build of configuration Debug for project exp_day06 ****

Nothing to build for project exp_day06

**** Build of configuration Debug for project exp_day07 ****

Nothing to build for project exp_day07

**** Build of configuration Debug for project exp_day08 ****

Nothing to build for project exp_day08

**** Build of configuration Debug for project exp_day09 ****

Nothing to build for project exp_day09

**** Build of configuration Debug for project exp_day10 ****

Nothing to build for project exp_day10
20:39:49 **** Incremental Build of configuration Debug for project exp_day03 ****
make all 
make: Nothing to be done for `all'.
20:40:33 **** Incremental Build of configuration Debug for project exp_day03 ****
make all 
Building file: ../day03_데이터압축1_user_ver2_1.cpp
Invoking: GCC C++ Compiler
clang -O3 -g3 --std=c++14  -c -fmessage-length=0 -MMD -MP -MF"day03_데이터압축1_user_ver2_1.d" -MT"day03_데이터압축1_user_ver2_1.o" -o "day03_데이터압축1_user_ver2_1.o" "../day03_데이터압축1_user_ver2_1.cpp"
../day03_데이터압축1_user_ver2_1.cpp:89:3: warning: 'register' storage class specifier is deprecated and incompatible with C++17 [-Wdeprecated-register]
  rint idxb = 0, i = 0, j = 0, k = 0, c = 0;
  ^
../day03_데이터압축1_user_ver2_1.cpp:75:14: note: expanded from macro 'rint'
#define rint register int
             ^
../day03_데이터압축1_user_ver2_1.cpp:89:3: warning: 'register' storage class specifier is deprecated and incompatible with C++17 [-Wdeprecated-register]
../day03_데이터압축1_user_ver2_1.cpp:75:14: note: expanded from macro 'rint'
#define rint register int
             ^
../day03_데이터압축1_user_ver2_1.cpp:89:3: warning: 'register' storage class specifier is deprecated and incompatible with C++17 [-Wdeprecated-register]
../day03_데이터압축1_user_ver2_1.cpp:75:14: note: expanded from macro 'rint'
#define rint register int
             ^
../day03_데이터압축1_user_ver2_1.cpp:89:3: warning: 'register' storage class specifier is deprecated and incompatible with C++17 [-Wdeprecated-register]
../day03_데이터압축1_user_ver2_1.cpp:75:14: note: expanded from macro 'rint'
#define rint register int
             ^
../day03_데이터압축1_user_ver2_1.cpp:89:3: warning: 'register' storage class specifier is deprecated and incompatible with C++17 [-Wdeprecated-register]
../day03_데이터압축1_user_ver2_1.cpp:75:14: note: expanded from macro 'rint'
#define rint register int
             ^
../day03_데이터압축1_user_ver2_1.cpp:98:3: warning: 'register' storage class specifier is deprecated and incompatible with C++17 [-Wdeprecated-register]
  rint x = 0, y = 0;
  ^
../day03_데이터압축1_user_ver2_1.cpp:75:14: note: expanded from macro 'rint'
#define rint register int
             ^
../day03_데이터압축1_user_ver2_1.cpp:98:3: warning: 'register' storage class specifier is deprecated and incompatible with C++17 [-Wdeprecated-register]
../day03_데이터압축1_user_ver2_1.cpp:75:14: note: expanded from macro 'rint'
#define rint register int
             ^
../day03_데이터압축1_user_ver2_1.cpp:101:5: warning: 'register' storage class specifier is deprecated and incompatible with C++17 [-Wdeprecated-register]
    rint k = 0;
    ^
../day03_데이터압축1_user_ver2_1.cpp:75:14: note: expanded from macro 'rint'
#define rint register int
             ^
../day03_데이터압축1_user_ver2_1.cpp:104:10: warning: 'register' storage class specifier is deprecated and incompatible with C++17 [-Wdeprecated-register]
    for (rint b = 2; b >= 0; b--) { // 8*3=24 bits
         ^
../day03_데이터압축1_user_ver2_1.cpp:75:14: note: expanded from macro 'rint'
#define rint register int
             ^
../day03_데이터압축1_user_ver2_1.cpp:122:11: warning: 'register' storage class specifier is deprecated and incompatible with C++17 [-Wdeprecated-register]
    const rint idx = y * 1000 + x;
          ^
../day03_데이터압축1_user_ver2_1.cpp:75:14: note: expanded from macro 'rint'
#define rint register int
             ^
../day03_데이터압축1_user_ver2_1.cpp:132:3: warning: 'register' storage class specifier is deprecated and incompatible with C++17 [-Wdeprecated-register]
  rint idxc = 0, idxf = 0;
  ^
../day03_데이터압축1_user_ver2_1.cpp:75:14: note: expanded from macro 'rint'
#define rint register int
             ^
../day03_데이터압축1_user_ver2_1.cpp:132:3: warning: 'register' storage class specifier is deprecated and incompatible with C++17 [-Wdeprecated-register]
../day03_데이터압축1_user_ver2_1.cpp:75:14: note: expanded from macro 'rint'
#define rint register int
             ^
../day03_데이터압축1_user_ver2_1.cpp:135:5: warning: 'register' storage class specifier is deprecated and incompatible with C++17 [-Wdeprecated-register]
    rint code = ((freq[idxf] - 'J') * c3737) + ((freq[idxf + 1] - 'J') * 37)
    ^
../day03_데이터압축1_user_ver2_1.cpp:75:14: note: expanded from macro 'rint'
#define rint register int
             ^
../day03_데이터압축1_user_ver2_1.cpp:145:3: warning: 'register' storage class specifier is deprecated and incompatible with C++17 [-Wdeprecated-register]
  rint idxc = 0, idxf = 0;
  ^
../day03_데이터압축1_user_ver2_1.cpp:75:14: note: expanded from macro 'rint'
#define rint register int
             ^
../day03_데이터압축1_user_ver2_1.cpp:145:3: warning: 'register' storage class specifier is deprecated and incompatible with C++17 [-Wdeprecated-register]
../day03_데이터압축1_user_ver2_1.cpp:75:14: note: expanded from macro 'rint'
#define rint register int
             ^
../day03_데이터압축1_user_ver2_1.cpp:147:5: warning: 'register' storage class specifier is deprecated and incompatible with C++17 [-Wdeprecated-register]
    rint code = (comp[idxc] << 8) | (comp[idxc + 1] & 255);
    ^
../day03_데이터압축1_user_ver2_1.cpp:75:14: note: expanded from macro 'rint'
#define rint register int
             ^
16 warnings generated.
Finished building: ../day03_데이터압축1_user_ver2_1.cpp
 
Building target: exp_day03
Invoking: MacOS X C++ Linker
g++  -o "exp_day03"  ./day03_데이터압축1_main.o ./day03_데이터압축1_user_ver2_1.o   
Finished building target: exp_day03
 
00:30:32 **** Incremental Build of configuration Debug for project exp_day01 ****
make all 
make: Nothing to be done for `all'.
00:30:32 **** Clean-only build of configuration Debug for project exp_day02 ****
make clean 
rm -rf ./day02_Bit_ImageMap3_main.d ./day02_Bit_ImageMap3_main.o ./day02_Bit_ImageMap3_user_ver1_1.d ./day02_Bit_ImageMap3_user_ver1_1.o
rm -rf exp_day02
 

**** Build of configuration Debug for project exp_day02 ****

Nothing to build for project exp_day02
00:30:32 **** Clean-only build of configuration Debug for project exp_day03 ****
make clean 
rm -rf ./day03_데이터압축1_main.d ./day03_데이터압축1_main.o ./day03_데이터압축1_user_ver2_1.d ./day03_데이터압축1_user_ver2_1.o
rm -rf exp_day03
 
00:30:32 **** Incremental Build of configuration Debug for project exp_day03 ****
make all 
Building file: ../day03_데이터압축1_main.cpp
Invoking: GCC C++ Compiler
clang -O3 -g3 --std=c++14  -c -fmessage-length=0 -MMD -MP -MF"day03_데이터압축1_main.d" -MT"day03_데이터압축1_main.o" -o "day03_데이터압축1_main.o" "../day03_데이터압축1_main.cpp"
Finished building: ../day03_데이터압축1_main.cpp
 
Building file: ../day03_데이터압축1_user_ver2_2.cpp
Invoking: GCC C++ Compiler
clang -O3 -g3 --std=c++14  -c -fmessage-length=0 -MMD -MP -MF"day03_데이터압축1_user_ver2_2.d" -MT"day03_데이터압축1_user_ver2_2.o" -o "day03_데이터압축1_user_ver2_2.o" "../day03_데이터압축1_user_ver2_2.cpp"
Finished building: ../day03_데이터압축1_user_ver2_2.cpp
 
Building target: exp_day03
Invoking: MacOS X C++ Linker
g++  -o "exp_day03"  ./day03_데이터압축1_main.o ./day03_데이터압축1_user_ver2_2.o   
Finished building target: exp_day03
 

**** Build of configuration Debug for project exp_day04 ****

Nothing to build for project exp_day04

**** Build of configuration Debug for project exp_day05 ****

Nothing to build for project exp_day05

**** Build of configuration Debug for project exp_day06 ****

Nothing to build for project exp_day06

**** Build of configuration Debug for project exp_day07 ****

Nothing to build for project exp_day07

**** Build of configuration Debug for project exp_day08 ****

Nothing to build for project exp_day08

**** Build of configuration Debug for project exp_day09 ****

Nothing to build for project exp_day09

**** Build of configuration Debug for project exp_day10 ****

Nothing to build for project exp_day10
00:30:34 **** Incremental Build of configuration Debug for project exp_day03 ****
make all 
make: Nothing to be done for `all'.
00:54:12 **** Incremental Build of configuration Debug for project exp_day01 ****
make all 
make: Nothing to be done for `all'.
00:54:12 **** Clean-only build of configuration Debug for project exp_day02 ****
make clean 
rm -rf ./day02_Bit_ImageMap3_main.d ./day02_Bit_ImageMap3_main.o ./day02_Bit_ImageMap3_user_ver1_1.d ./day02_Bit_ImageMap3_user_ver1_1.o
rm -rf exp_day02
 

**** Build of configuration Debug for project exp_day02 ****

Nothing to build for project exp_day02
00:54:12 **** Incremental Build of configuration Debug for project exp_day03 ****
make all 
Building file: ../day03_데이터압축1_user_ver2_2.cpp
Invoking: GCC C++ Compiler
clang -O3 -g3 --std=c++14  -c -fmessage-length=0 -MMD -MP -MF"day03_데이터압축1_user_ver2_2.d" -MT"day03_데이터압축1_user_ver2_2.o" -o "day03_데이터압축1_user_ver2_2.o" "../day03_데이터압축1_user_ver2_2.cpp"
../day03_데이터압축1_user_ver2_2.cpp:90:13: error: read-only variable is not assignable
    freq[i] -= 'J';
    ~~~~~~~ ^
1 error generated.
make: *** [day03_데이터압축1_user_ver2_2.o] Error 1
"make all" terminated with exit code 2. Build might be incomplete.

**** Build of configuration Debug for project exp_day04 ****

Nothing to build for project exp_day04

**** Build of configuration Debug for project exp_day05 ****

Nothing to build for project exp_day05

**** Build of configuration Debug for project exp_day06 ****

Nothing to build for project exp_day06

**** Build of configuration Debug for project exp_day07 ****

Nothing to build for project exp_day07

**** Build of configuration Debug for project exp_day08 ****

Nothing to build for project exp_day08

**** Build of configuration Debug for project exp_day09 ****

Nothing to build for project exp_day09

**** Build of configuration Debug for project exp_day10 ****

Nothing to build for project exp_day10
00:54:14 **** Incremental Build of configuration Debug for project exp_day03 ****
make all 
Building file: ../day03_데이터압축1_user_ver2_2.cpp
Invoking: GCC C++ Compiler
clang -O3 -g3 --std=c++14  -c -fmessage-length=0 -MMD -MP -MF"day03_데이터압축1_user_ver2_2.d" -MT"day03_데이터압축1_user_ver2_2.o" -o "day03_데이터압축1_user_ver2_2.o" "../day03_데이터압축1_user_ver2_2.cpp"
../day03_데이터압축1_user_ver2_2.cpp:90:13: error: read-only variable is not assignable
    freq[i] -= 'J';
    ~~~~~~~ ^
1 error generated.
make: *** [day03_데이터압축1_user_ver2_2.o] Error 1
"make all" terminated with exit code 2. Build might be incomplete.
00:55:23 **** Incremental Build of configuration Debug for project exp_day01 ****
make all 
make: Nothing to be done for `all'.
00:55:23 **** Clean-only build of configuration Debug for project exp_day02 ****
make clean 
rm -rf ./day02_Bit_ImageMap3_main.d ./day02_Bit_ImageMap3_main.o ./day02_Bit_ImageMap3_user_ver1_1.d ./day02_Bit_ImageMap3_user_ver1_1.o
rm -rf exp_day02
 

**** Build of configuration Debug for project exp_day02 ****

Nothing to build for project exp_day02
00:55:23 **** Incremental Build of configuration Debug for project exp_day03 ****
make all 
Building file: ../day03_데이터압축1_user_ver2_2.cpp
Invoking: GCC C++ Compiler
clang -O3 -g3 --std=c++14  -c -fmessage-length=0 -MMD -MP -MF"day03_데이터압축1_user_ver2_2.d" -MT"day03_데이터압축1_user_ver2_2.o" -o "day03_데이터압축1_user_ver2_2.o" "../day03_데이터압축1_user_ver2_2.cpp"
Finished building: ../day03_데이터압축1_user_ver2_2.cpp
 
Building target: exp_day03
Invoking: MacOS X C++ Linker
g++  -o "exp_day03"  ./day03_데이터압축1_main.o ./day03_데이터압축1_user_ver2_2.o   
Finished building target: exp_day03
 

**** Build of configuration Debug for project exp_day04 ****

Nothing to build for project exp_day04

**** Build of configuration Debug for project exp_day05 ****

Nothing to build for project exp_day05

**** Build of configuration Debug for project exp_day06 ****

Nothing to build for project exp_day06

**** Build of configuration Debug for project exp_day07 ****

Nothing to build for project exp_day07

**** Build of configuration Debug for project exp_day08 ****

Nothing to build for project exp_day08

**** Build of configuration Debug for project exp_day09 ****

Nothing to build for project exp_day09

**** Build of configuration Debug for project exp_day10 ****

Nothing to build for project exp_day10
00:55:30 **** Incremental Build of configuration Debug for project exp_day03 ****
make all 
make: Nothing to be done for `all'.
00:59:47 **** Incremental Build of configuration Debug for project exp_day03 ****
make all 
Building file: ../day03_데이터압축1_user_ver2_2.cpp
Invoking: GCC C++ Compiler
clang -O3 -g3 --std=c++14  -c -fmessage-length=0 -MMD -MP -MF"day03_데이터압축1_user_ver2_2.d" -MT"day03_데이터압축1_user_ver2_2.o" -o "day03_데이터압축1_user_ver2_2.o" "../day03_데이터압축1_user_ver2_2.cpp"
../day03_데이터압축1_user_ver2_2.cpp:98:3: error: use of undeclared identifier 'printf'
  printf("comp, %d, %d\n", k, i);
  ^
../day03_데이터압축1_user_ver2_2.cpp:111:3: error: use of undeclared identifier 'printf'
  printf("decomp, %d, %d\n", k, i);
  ^
2 errors generated.
make: *** [day03_데이터압축1_user_ver2_2.o] Error 1
"make all" terminated with exit code 2. Build might be incomplete.
01:00:03 **** Incremental Build of configuration Debug for project exp_day03 ****
make all 
Building file: ../day03_데이터압축1_user_ver2_2.cpp
Invoking: GCC C++ Compiler
clang -O3 -g3 --std=c++14  -c -fmessage-length=0 -MMD -MP -MF"day03_데이터압축1_user_ver2_2.d" -MT"day03_데이터압축1_user_ver2_2.o" -o "day03_데이터압축1_user_ver2_2.o" "../day03_데이터압축1_user_ver2_2.cpp"
Finished building: ../day03_데이터압축1_user_ver2_2.cpp
 
Building target: exp_day03
Invoking: MacOS X C++ Linker
g++  -o "exp_day03"  ./day03_데이터압축1_main.o ./day03_데이터압축1_user_ver2_2.o   
Finished building target: exp_day03
 
01:12:31 **** Incremental Build of configuration Debug for project exp_day03 ****
make all 
Building file: ../day03_데이터압축1_user_ver2_2.cpp
Invoking: GCC C++ Compiler
clang -O3 -g3 --std=c++14  -c -fmessage-length=0 -MMD -MP -MF"day03_데이터압축1_user_ver2_2.d" -MT"day03_데이터압축1_user_ver2_2.o" -o "day03_데이터압축1_user_ver2_2.o" "../day03_데이터압축1_user_ver2_2.cpp"
Finished building: ../day03_데이터압축1_user_ver2_2.cpp
 
Building target: exp_day03
Invoking: MacOS X C++ Linker
g++  -o "exp_day03"  ./day03_데이터압축1_main.o ./day03_데이터압축1_user_ver2_2.o   
Finished building target: exp_day03
 
01:12:50 **** Incremental Build of configuration Debug for project exp_day03 ****
make all 
Building file: ../day03_데이터압축1_user_ver2_2.cpp
Invoking: GCC C++ Compiler
clang -O3 -g3 --std=c++14  -c -fmessage-length=0 -MMD -MP -MF"day03_데이터압축1_user_ver2_2.d" -MT"day03_데이터압축1_user_ver2_2.o" -o "day03_데이터압축1_user_ver2_2.o" "../day03_데이터압축1_user_ver2_2.cpp"
Finished building: ../day03_데이터압축1_user_ver2_2.cpp
 
Building target: exp_day03
Invoking: MacOS X C++ Linker
g++  -o "exp_day03"  ./day03_데이터압축1_main.o ./day03_데이터압축1_user_ver2_2.o   
Finished building target: exp_day03
 
01:15:13 **** Incremental Build of configuration Debug for project exp_day03 ****
make all 
Building file: ../day03_데이터압축1_user_ver2_2.cpp
Invoking: GCC C++ Compiler
clang -O3 -g3 --std=c++14  -c -fmessage-length=0 -MMD -MP -MF"day03_데이터압축1_user_ver2_2.d" -MT"day03_데이터압축1_user_ver2_2.o" -o "day03_데이터압축1_user_ver2_2.o" "../day03_데이터압축1_user_ver2_2.cpp"
Finished building: ../day03_데이터압축1_user_ver2_2.cpp
 
Building target: exp_day03
Invoking: MacOS X C++ Linker
g++  -o "exp_day03"  ./day03_데이터압축1_main.o ./day03_데이터압축1_user_ver2_2.o   
Finished building target: exp_day03
 
01:15:53 **** Incremental Build of configuration Debug for project exp_day03 ****
make all 
Building file: ../day03_데이터압축1_user_ver2_2.cpp
Invoking: GCC C++ Compiler
clang -O3 -g3 --std=c++14  -c -fmessage-length=0 -MMD -MP -MF"day03_데이터압축1_user_ver2_2.d" -MT"day03_데이터압축1_user_ver2_2.o" -o "day03_데이터압축1_user_ver2_2.o" "../day03_데이터압축1_user_ver2_2.cpp"
Finished building: ../day03_데이터압축1_user_ver2_2.cpp
 
Building target: exp_day03
Invoking: MacOS X C++ Linker
g++  -o "exp_day03"  ./day03_데이터압축1_main.o ./day03_데이터압축1_user_ver2_2.o   
Finished building target: exp_day03
 
01:16:32 **** Incremental Build of configuration Debug for project exp_day03 ****
make all 
Building file: ../day03_데이터압축1_user_ver2_2.cpp
Invoking: GCC C++ Compiler
clang -O3 -g3 --std=c++14  -c -fmessage-length=0 -MMD -MP -MF"day03_데이터압축1_user_ver2_2.d" -MT"day03_데이터압축1_user_ver2_2.o" -o "day03_데이터압축1_user_ver2_2.o" "../day03_데이터압축1_user_ver2_2.cpp"
Finished building: ../day03_데이터압축1_user_ver2_2.cpp
 
Building target: exp_day03
Invoking: MacOS X C++ Linker
g++  -o "exp_day03"  ./day03_데이터압축1_main.o ./day03_데이터압축1_user_ver2_2.o   
Finished building target: exp_day03
 
01:30:55 **** Incremental Build of configuration Debug for project exp_day01 ****
make all 
make: Nothing to be done for `all'.
01:30:55 **** Clean-only build of configuration Debug for project exp_day02 ****
make clean 
rm -rf ./day02_Bit_ImageMap3_main.d ./day02_Bit_ImageMap3_main.o ./day02_Bit_ImageMap3_user_ver1_1.d ./day02_Bit_ImageMap3_user_ver1_1.o
rm -rf exp_day02
 

**** Build of configuration Debug for project exp_day02 ****

Nothing to build for project exp_day02
01:30:55 **** Incremental Build of configuration Debug for project exp_day03 ****
make all 
Building file: ../day03_데이터압축1_user_ver2_2.cpp
Invoking: GCC C++ Compiler
clang -O3 -g3 --std=c++14  -c -fmessage-length=0 -MMD -MP -MF"day03_데이터압축1_user_ver2_2.d" -MT"day03_데이터압축1_user_ver2_2.o" -o "day03_데이터압축1_user_ver2_2.o" "../day03_데이터압축1_user_ver2_2.cpp"
../day03_데이터압축1_user_ver2_2.cpp:94:25: error: expected expression
  popcnt[i] = popcnt[i>>] + (i&1);
                        ^
1 error generated.
make: *** [day03_데이터압축1_user_ver2_2.o] Error 1
"make all" terminated with exit code 2. Build might be incomplete.

**** Build of configuration Debug for project exp_day04 ****

Nothing to build for project exp_day04

**** Build of configuration Debug for project exp_day05 ****

Nothing to build for project exp_day05

**** Build of configuration Debug for project exp_day06 ****

Nothing to build for project exp_day06

**** Build of configuration Debug for project exp_day07 ****

Nothing to build for project exp_day07

**** Build of configuration Debug for project exp_day08 ****

Nothing to build for project exp_day08

**** Build of configuration Debug for project exp_day09 ****

Nothing to build for project exp_day09

**** Build of configuration Debug for project exp_day10 ****

Nothing to build for project exp_day10
01:31:14 **** Incremental Build of configuration Debug for project exp_day01 ****
make all 
make: Nothing to be done for `all'.
01:31:14 **** Clean-only build of configuration Debug for project exp_day02 ****
make clean 
rm -rf ./day02_Bit_ImageMap3_main.d ./day02_Bit_ImageMap3_main.o ./day02_Bit_ImageMap3_user_ver1_1.d ./day02_Bit_ImageMap3_user_ver1_1.o
rm -rf exp_day02
 

**** Build of configuration Debug for project exp_day02 ****

Nothing to build for project exp_day02
01:31:14 **** Incremental Build of configuration Debug for project exp_day03 ****
make all 
Building file: ../day03_데이터압축1_user_ver2_2.cpp
Invoking: GCC C++ Compiler
clang -O3 -g3 --std=c++14  -c -fmessage-length=0 -MMD -MP -MF"day03_데이터압축1_user_ver2_2.d" -MT"day03_데이터압축1_user_ver2_2.o" -o "day03_데이터압축1_user_ver2_2.o" "../day03_데이터압축1_user_ver2_2.cpp"
Finished building: ../day03_데이터압축1_user_ver2_2.cpp
 
Building target: exp_day03
Invoking: MacOS X C++ Linker
g++  -o "exp_day03"  ./day03_데이터압축1_main.o ./day03_데이터압축1_user_ver2_2.o   
Finished building target: exp_day03
 

**** Build of configuration Debug for project exp_day04 ****

Nothing to build for project exp_day04

**** Build of configuration Debug for project exp_day05 ****

Nothing to build for project exp_day05

**** Build of configuration Debug for project exp_day06 ****

Nothing to build for project exp_day06

**** Build of configuration Debug for project exp_day07 ****

Nothing to build for project exp_day07

**** Build of configuration Debug for project exp_day08 ****

Nothing to build for project exp_day08

**** Build of configuration Debug for project exp_day09 ****

Nothing to build for project exp_day09

**** Build of configuration Debug for project exp_day10 ****

Nothing to build for project exp_day10
02:07:51 **** Incremental Build of configuration Debug for project exp_day01 ****
make all 
make: Nothing to be done for `all'.
02:07:51 **** Clean-only build of configuration Debug for project exp_day02 ****
make clean 
rm -rf ./day02_Bit_ImageMap3_main.d ./day02_Bit_ImageMap3_main.o ./day02_Bit_ImageMap3_user_ver1_1.d ./day02_Bit_ImageMap3_user_ver1_1.o
rm -rf exp_day02
 

**** Build of configuration Debug for project exp_day02 ****

Nothing to build for project exp_day02
02:07:51 **** Incremental Build of configuration Debug for project exp_day03 ****
make all 
Building file: ../day03_데이터압축1_user_ver2_2.cpp
Invoking: GCC C++ Compiler
clang -O3 -g3 --std=c++14  -c -fmessage-length=0 -MMD -MP -MF"day03_데이터압축1_user_ver2_2.d" -MT"day03_데이터압축1_user_ver2_2.o" -o "day03_데이터압축1_user_ver2_2.o" "../day03_데이터압축1_user_ver2_2.cpp"
Finished building: ../day03_데이터압축1_user_ver2_2.cpp
 
Building target: exp_day03
Invoking: MacOS X C++ Linker
g++  -o "exp_day03"  ./day03_데이터압축1_main.o ./day03_데이터압축1_user_ver2_2.o   
Finished building target: exp_day03
 

**** Build of configuration Debug for project exp_day04 ****

Nothing to build for project exp_day04

**** Build of configuration Debug for project exp_day05 ****

Nothing to build for project exp_day05

**** Build of configuration Debug for project exp_day06 ****

Nothing to build for project exp_day06

**** Build of configuration Debug for project exp_day07 ****

Nothing to build for project exp_day07

**** Build of configuration Debug for project exp_day08 ****

Nothing to build for project exp_day08

**** Build of configuration Debug for project exp_day09 ****

Nothing to build for project exp_day09

**** Build of configuration Debug for project exp_day10 ****

Nothing to build for project exp_day10
02:07:53 **** Incremental Build of configuration Debug for project exp_day03 ****
make all 
make: Nothing to be done for `all'.
02:08:01 **** Incremental Build of configuration Debug for project exp_day03 ****
make all 
Building file: ../day03_데이터압축1_user_ver2_2.cpp
Invoking: GCC C++ Compiler
clang -O3 -g3 --std=c++14  -c -fmessage-length=0 -MMD -MP -MF"day03_데이터압축1_user_ver2_2.d" -MT"day03_데이터압축1_user_ver2_2.o" -o "day03_데이터압축1_user_ver2_2.o" "../day03_데이터압축1_user_ver2_2.cpp"
Finished building: ../day03_데이터압축1_user_ver2_2.cpp
 
Building target: exp_day03
Invoking: MacOS X C++ Linker
g++  -o "exp_day03"  ./day03_데이터압축1_main.o ./day03_데이터압축1_user_ver2_2.o   
Finished building target: exp_day03
 
02:08:13 **** Incremental Build of configuration Debug for project exp_day03 ****
make all 
Building file: ../day03_데이터압축1_user_ver2_2.cpp
Invoking: GCC C++ Compiler
clang -O3 -g3 --std=c++14  -c -fmessage-length=0 -MMD -MP -MF"day03_데이터압축1_user_ver2_2.d" -MT"day03_데이터압축1_user_ver2_2.o" -o "day03_데이터압축1_user_ver2_2.o" "../day03_데이터압축1_user_ver2_2.cpp"
Finished building: ../day03_데이터압축1_user_ver2_2.cpp
 
Building target: exp_day03
Invoking: MacOS X C++ Linker
g++  -o "exp_day03"  ./day03_데이터압축1_main.o ./day03_데이터압축1_user_ver2_2.o   
Finished building target: exp_day03
 
02:08:18 **** Incremental Build of configuration Debug for project exp_day03 ****
make all 
Building file: ../day03_데이터압축1_user_ver2_2.cpp
Invoking: GCC C++ Compiler
clang -O3 -g3 --std=c++14  -c -fmessage-length=0 -MMD -MP -MF"day03_데이터압축1_user_ver2_2.d" -MT"day03_데이터압축1_user_ver2_2.o" -o "day03_데이터압축1_user_ver2_2.o" "../day03_데이터압축1_user_ver2_2.cpp"
Finished building: ../day03_데이터압축1_user_ver2_2.cpp
 
Building target: exp_day03
Invoking: MacOS X C++ Linker
g++  -o "exp_day03"  ./day03_데이터압축1_main.o ./day03_데이터압축1_user_ver2_2.o   
Finished building target: exp_day03
 
02:08:52 **** Incremental Build of configuration Debug for project exp_day01 ****
make all 
make: Nothing to be done for `all'.
02:08:52 **** Clean-only build of configuration Debug for project exp_day02 ****
make clean 
rm -rf ./day02_Bit_ImageMap3_main.d ./day02_Bit_ImageMap3_main.o ./day02_Bit_ImageMap3_user_ver1_1.d ./day02_Bit_ImageMap3_user_ver1_1.o
rm -rf exp_day02
 

**** Build of configuration Debug for project exp_day02 ****

Nothing to build for project exp_day02
02:08:52 **** Incremental Build of configuration Debug for project exp_day03 ****
make all 
Building file: ../day03_데이터압축1_user_ver2_2.cpp
Invoking: GCC C++ Compiler
clang -O3 -g3 --std=c++14  -c -fmessage-length=0 -MMD -MP -MF"day03_데이터압축1_user_ver2_2.d" -MT"day03_데이터압축1_user_ver2_2.o" -o "day03_데이터압축1_user_ver2_2.o" "../day03_데이터압축1_user_ver2_2.cpp"
Finished building: ../day03_데이터압축1_user_ver2_2.cpp
 
Building target: exp_day03
Invoking: MacOS X C++ Linker
g++  -o "exp_day03"  ./day03_데이터압축1_main.o ./day03_데이터압축1_user_ver2_2.o   
Finished building target: exp_day03
 

**** Build of configuration Debug for project exp_day04 ****

Nothing to build for project exp_day04

**** Build of configuration Debug for project exp_day05 ****

Nothing to build for project exp_day05

**** Build of configuration Debug for project exp_day06 ****

Nothing to build for project exp_day06

**** Build of configuration Debug for project exp_day07 ****

Nothing to build for project exp_day07

**** Build of configuration Debug for project exp_day08 ****

Nothing to build for project exp_day08

**** Build of configuration Debug for project exp_day09 ****

Nothing to build for project exp_day09

**** Build of configuration Debug for project exp_day10 ****

Nothing to build for project exp_day10
02:08:54 **** Incremental Build of configuration Debug for project exp_day03 ****
make all 
make: Nothing to be done for `all'.
02:09:08 **** Incremental Build of configuration Debug for project exp_day03 ****
make all 
Building file: ../day03_데이터압축1_user_ver2_2.cpp
Invoking: GCC C++ Compiler
clang -O3 -g3 --std=c++14  -c -fmessage-length=0 -MMD -MP -MF"day03_데이터압축1_user_ver2_2.d" -MT"day03_데이터압축1_user_ver2_2.o" -o "day03_데이터압축1_user_ver2_2.o" "../day03_데이터압축1_user_ver2_2.cpp"
Finished building: ../day03_데이터압축1_user_ver2_2.cpp
 
Building target: exp_day03
Invoking: MacOS X C++ Linker
g++  -o "exp_day03"  ./day03_데이터압축1_main.o ./day03_데이터압축1_user_ver2_2.o   
Finished building target: exp_day03
 
02:09:17 **** Incremental Build of configuration Debug for project exp_day03 ****
make all 
Building file: ../day03_데이터압축1_user_ver2_2.cpp
Invoking: GCC C++ Compiler
clang -O3 -g3 --std=c++14  -c -fmessage-length=0 -MMD -MP -MF"day03_데이터압축1_user_ver2_2.d" -MT"day03_데이터압축1_user_ver2_2.o" -o "day03_데이터압축1_user_ver2_2.o" "../day03_데이터압축1_user_ver2_2.cpp"
Finished building: ../day03_데이터압축1_user_ver2_2.cpp
 
Building target: exp_day03
Invoking: MacOS X C++ Linker
g++  -o "exp_day03"  ./day03_데이터압축1_main.o ./day03_데이터압축1_user_ver2_2.o   
Finished building target: exp_day03
 
02:09:36 **** Incremental Build of configuration Debug for project exp_day03 ****
make all 
Building file: ../day03_데이터압축1_user_ver2_2.cpp
Invoking: GCC C++ Compiler
clang -O3 -g3 --std=c++14  -c -fmessage-length=0 -MMD -MP -MF"day03_데이터압축1_user_ver2_2.d" -MT"day03_데이터압축1_user_ver2_2.o" -o "day03_데이터압축1_user_ver2_2.o" "../day03_데이터압축1_user_ver2_2.cpp"
Finished building: ../day03_데이터압축1_user_ver2_2.cpp
 
Building target: exp_day03
Invoking: MacOS X C++ Linker
g++  -o "exp_day03"  ./day03_데이터압축1_main.o ./day03_데이터압축1_user_ver2_2.o   
Finished building target: exp_day03
 
02:10:30 **** Incremental Build of configuration Debug for project exp_day03 ****
make all 
Building file: ../day03_데이터압축1_user_ver2_2.cpp
Invoking: GCC C++ Compiler
clang -O3 -g3 --std=c++14  -c -fmessage-length=0 -MMD -MP -MF"day03_데이터압축1_user_ver2_2.d" -MT"day03_데이터압축1_user_ver2_2.o" -o "day03_데이터압축1_user_ver2_2.o" "../day03_데이터압축1_user_ver2_2.cpp"
Finished building: ../day03_데이터압축1_user_ver2_2.cpp
 
Building target: exp_day03
Invoking: MacOS X C++ Linker
g++  -o "exp_day03"  ./day03_데이터압축1_main.o ./day03_데이터압축1_user_ver2_2.o   
Finished building target: exp_day03
 
02:11:11 **** Incremental Build of configuration Debug for project exp_day03 ****
make all 
Building file: ../day03_데이터압축1_user_ver2_2.cpp
Invoking: GCC C++ Compiler
clang -O3 -g3 --std=c++14  -c -fmessage-length=0 -MMD -MP -MF"day03_데이터압축1_user_ver2_2.d" -MT"day03_데이터압축1_user_ver2_2.o" -o "day03_데이터압축1_user_ver2_2.o" "../day03_데이터압축1_user_ver2_2.cpp"
Finished building: ../day03_데이터압축1_user_ver2_2.cpp
 
Building target: exp_day03
Invoking: MacOS X C++ Linker
g++  -o "exp_day03"  ./day03_데이터압축1_main.o ./day03_데이터압축1_user_ver2_2.o   
Finished building target: exp_day03
 
02:11:31 **** Incremental Build of configuration Debug for project exp_day03 ****
make all 
Building file: ../day03_데이터압축1_user_ver2_2.cpp
Invoking: GCC C++ Compiler
clang -O3 -g3 --std=c++14  -c -fmessage-length=0 -MMD -MP -MF"day03_데이터압축1_user_ver2_2.d" -MT"day03_데이터압축1_user_ver2_2.o" -o "day03_데이터압축1_user_ver2_2.o" "../day03_데이터압축1_user_ver2_2.cpp"
Finished building: ../day03_데이터압축1_user_ver2_2.cpp
 
Building target: exp_day03
Invoking: MacOS X C++ Linker
g++  -o "exp_day03"  ./day03_데이터압축1_main.o ./day03_데이터압축1_user_ver2_2.o   
Finished building target: exp_day03
 
02:11:57 **** Incremental Build of configuration Debug for project exp_day03 ****
make all 
Building file: ../day03_데이터압축1_user_ver2_2.cpp
Invoking: GCC C++ Compiler
clang -O3 -g3 --std=c++14  -c -fmessage-length=0 -MMD -MP -MF"day03_데이터압축1_user_ver2_2.d" -MT"day03_데이터압축1_user_ver2_2.o" -o "day03_데이터압축1_user_ver2_2.o" "../day03_데이터압축1_user_ver2_2.cpp"
Finished building: ../day03_데이터압축1_user_ver2_2.cpp
 
Building target: exp_day03
Invoking: MacOS X C++ Linker
g++  -o "exp_day03"  ./day03_데이터압축1_main.o ./day03_데이터압축1_user_ver2_2.o   
Finished building target: exp_day03
 
15:02:38 **** Incremental Build of configuration Debug for project exp_day01 ****
make all 
make: Nothing to be done for `all'.
15:02:38 **** Clean-only build of configuration Debug for project exp_day02 ****
make clean 
rm -rf ./day02_Bit_ImageMap3_main.d ./day02_Bit_ImageMap3_main.o ./day02_Bit_ImageMap3_user_ver1_1.d ./day02_Bit_ImageMap3_user_ver1_1.o
rm -rf exp_day02
 

**** Build of configuration Debug for project exp_day02 ****

Nothing to build for project exp_day02
15:02:38 **** Clean-only build of configuration Debug for project exp_day03 ****
make clean 
rm -rf ./day03_데이터압축1_main.d ./day03_데이터압축1_main.o ./day03_데이터압축1_user_ver2_2.d ./day03_데이터압축1_user_ver2_2.o
rm -rf exp_day03
 
15:02:39 **** Incremental Build of configuration Debug for project exp_day03 ****
make all 
Building file: ../day03_데이터압축1_main.cpp
Invoking: GCC C++ Compiler
clang -O3 -g3 --std=c++14  -c -fmessage-length=0 -MMD -MP -MF"day03_데이터압축1_main.d" -MT"day03_데이터압축1_main.o" -o "day03_데이터압축1_main.o" "../day03_데이터압축1_main.cpp"
Finished building: ../day03_데이터압축1_main.cpp
 
Building file: ../day03_데이터압축1_user_ver2_3.cpp
Invoking: GCC C++ Compiler
clang -O3 -g3 --std=c++14  -c -fmessage-length=0 -MMD -MP -MF"day03_데이터압축1_user_ver2_3.d" -MT"day03_데이터압축1_user_ver2_3.o" -o "day03_데이터압축1_user_ver2_3.o" "../day03_데이터압축1_user_ver2_3.cpp"
../day03_데이터압축1_user_ver2_3.cpp:92:29: error: use of undeclared identifier 'i'
    const int val = (((freq[i]) - 'J') * c3737) | (((freq[i]) - 'J') * 37)
                            ^
../day03_데이터압축1_user_ver2_3.cpp:92:59: error: use of undeclared identifier 'i'
    const int val = (((freq[i]) - 'J') * c3737) | (((freq[i]) - 'J') * 37)
                                                          ^
../day03_데이터압축1_user_ver2_3.cpp:93:19: error: use of undeclared identifier 'i'
        | (((freq[i]) - 'J'));
                  ^
../day03_데이터압축1_user_ver2_3.cpp:106:36: error: cannot assign to variable 'val' with const-qualified type 'const int'
    freq[idxf + 2] = val & 37, val /= 37;
                               ~~~ ^
../day03_데이터압축1_user_ver2_3.cpp:105:15: note: variable 'val' declared const here
    const int val = comp[idxc] << 8 | comp[idxc + 1];
    ~~~~~~~~~~^~~~~~~~~~~~~~~~~~~~~~~~~~~~~~~~~~~~~~
../day03_데이터압축1_user_ver2_3.cpp:107:36: error: cannot assign to variable 'val' with const-qualified type 'const int'
    freq[idxf + 1] = val & 37, val /= 37;
                               ~~~ ^
../day03_데이터압축1_user_ver2_3.cpp:105:15: note: variable 'val' declared const here
    const int val = comp[idxc] << 8 | comp[idxc + 1];
    ~~~~~~~~~~^~~~~~~~~~~~~~~~~~~~~~~~~~~~~~~~~~~~~~
5 errors generated.
make: *** [day03_데이터압축1_user_ver2_3.o] Error 1
"make all" terminated with exit code 2. Build might be incomplete.

**** Build of configuration Debug for project exp_day04 ****

Nothing to build for project exp_day04

**** Build of configuration Debug for project exp_day05 ****

Nothing to build for project exp_day05

**** Build of configuration Debug for project exp_day06 ****

Nothing to build for project exp_day06

**** Build of configuration Debug for project exp_day07 ****

Nothing to build for project exp_day07

**** Build of configuration Debug for project exp_day08 ****

Nothing to build for project exp_day08

**** Build of configuration Debug for project exp_day09 ****

Nothing to build for project exp_day09

**** Build of configuration Debug for project exp_day10 ****

Nothing to build for project exp_day10
15:02:42 **** Incremental Build of configuration Debug for project exp_day03 ****
make all 
Building file: ../day03_데이터압축1_user_ver2_3.cpp
Invoking: GCC C++ Compiler
clang -O3 -g3 --std=c++14  -c -fmessage-length=0 -MMD -MP -MF"day03_데이터압축1_user_ver2_3.d" -MT"day03_데이터압축1_user_ver2_3.o" -o "day03_데이터압축1_user_ver2_3.o" "../day03_데이터압축1_user_ver2_3.cpp"
../day03_데이터압축1_user_ver2_3.cpp:92:29: error: use of undeclared identifier 'i'
    const int val = (((freq[i]) - 'J') * c3737) | (((freq[i]) - 'J') * 37)
                            ^
../day03_데이터압축1_user_ver2_3.cpp:92:59: error: use of undeclared identifier 'i'
    const int val = (((freq[i]) - 'J') * c3737) | (((freq[i]) - 'J') * 37)
                                                          ^
../day03_데이터압축1_user_ver2_3.cpp:93:19: error: use of undeclared identifier 'i'
        | (((freq[i]) - 'J'));
                  ^
../day03_데이터압축1_user_ver2_3.cpp:106:36: error: cannot assign to variable 'val' with const-qualified type 'const int'
    freq[idxf + 2] = val & 37, val /= 37;
                               ~~~ ^
../day03_데이터압축1_user_ver2_3.cpp:105:15: note: variable 'val' declared const here
    const int val = comp[idxc] << 8 | comp[idxc + 1];
    ~~~~~~~~~~^~~~~~~~~~~~~~~~~~~~~~~~~~~~~~~~~~~~~~
../day03_데이터압축1_user_ver2_3.cpp:107:36: error: cannot assign to variable 'val' with const-qualified type 'const int'
    freq[idxf + 1] = val & 37, val /= 37;
                               ~~~ ^
../day03_데이터압축1_user_ver2_3.cpp:105:15: note: variable 'val' declared const here
    const int val = comp[idxc] << 8 | comp[idxc + 1];
    ~~~~~~~~~~^~~~~~~~~~~~~~~~~~~~~~~~~~~~~~~~~~~~~~
5 errors generated.
make: *** [day03_데이터압축1_user_ver2_3.o] Error 1
"make all" terminated with exit code 2. Build might be incomplete.
15:02:53 **** Incremental Build of configuration Debug for project exp_day01 ****
make all 
make: Nothing to be done for `all'.
15:02:53 **** Clean-only build of configuration Debug for project exp_day02 ****
make clean 
rm -rf ./day02_Bit_ImageMap3_main.d ./day02_Bit_ImageMap3_main.o ./day02_Bit_ImageMap3_user_ver1_1.d ./day02_Bit_ImageMap3_user_ver1_1.o
rm -rf exp_day02
 

**** Build of configuration Debug for project exp_day02 ****

Nothing to build for project exp_day02
15:02:53 **** Incremental Build of configuration Debug for project exp_day03 ****
make all 
Building file: ../day03_데이터압축1_user_ver2_3.cpp
Invoking: GCC C++ Compiler
clang -O3 -g3 --std=c++14  -c -fmessage-length=0 -MMD -MP -MF"day03_데이터압축1_user_ver2_3.d" -MT"day03_데이터압축1_user_ver2_3.o" -o "day03_데이터압축1_user_ver2_3.o" "../day03_데이터압축1_user_ver2_3.cpp"
../day03_데이터압축1_user_ver2_3.cpp:92:29: error: use of undeclared identifier 'i'
    const int val = (((freq[i]) - 'J') * c3737) | (((freq[i]) - 'J') * 37)
                            ^
../day03_데이터압축1_user_ver2_3.cpp:92:59: error: use of undeclared identifier 'i'
    const int val = (((freq[i]) - 'J') * c3737) | (((freq[i]) - 'J') * 37)
                                                          ^
../day03_데이터압축1_user_ver2_3.cpp:93:19: error: use of undeclared identifier 'i'
        | (((freq[i]) - 'J'));
                  ^
3 errors generated.
make: *** [day03_데이터압축1_user_ver2_3.o] Error 1
"make all" terminated with exit code 2. Build might be incomplete.

**** Build of configuration Debug for project exp_day04 ****

Nothing to build for project exp_day04

**** Build of configuration Debug for project exp_day05 ****

Nothing to build for project exp_day05

**** Build of configuration Debug for project exp_day06 ****

Nothing to build for project exp_day06

**** Build of configuration Debug for project exp_day07 ****

Nothing to build for project exp_day07

**** Build of configuration Debug for project exp_day08 ****

Nothing to build for project exp_day08

**** Build of configuration Debug for project exp_day09 ****

Nothing to build for project exp_day09

**** Build of configuration Debug for project exp_day10 ****

Nothing to build for project exp_day10
15:02:55 **** Incremental Build of configuration Debug for project exp_day03 ****
make all 
Building file: ../day03_데이터압축1_user_ver2_3.cpp
Invoking: GCC C++ Compiler
clang -O3 -g3 --std=c++14  -c -fmessage-length=0 -MMD -MP -MF"day03_데이터압축1_user_ver2_3.d" -MT"day03_데이터압축1_user_ver2_3.o" -o "day03_데이터압축1_user_ver2_3.o" "../day03_데이터압축1_user_ver2_3.cpp"
../day03_데이터압축1_user_ver2_3.cpp:92:29: error: use of undeclared identifier 'i'
    const int val = (((freq[i]) - 'J') * c3737) | (((freq[i]) - 'J') * 37)
                            ^
../day03_데이터압축1_user_ver2_3.cpp:92:59: error: use of undeclared identifier 'i'
    const int val = (((freq[i]) - 'J') * c3737) | (((freq[i]) - 'J') * 37)
                                                          ^
../day03_데이터압축1_user_ver2_3.cpp:93:19: error: use of undeclared identifier 'i'
        | (((freq[i]) - 'J'));
                  ^
3 errors generated.
make: *** [day03_데이터압축1_user_ver2_3.o] Error 1
"make all" terminated with exit code 2. Build might be incomplete.
15:03:13 **** Incremental Build of configuration Debug for project exp_day01 ****
make all 
make: Nothing to be done for `all'.
15:03:14 **** Clean-only build of configuration Debug for project exp_day02 ****
make clean 
rm -rf ./day02_Bit_ImageMap3_main.d ./day02_Bit_ImageMap3_main.o ./day02_Bit_ImageMap3_user_ver1_1.d ./day02_Bit_ImageMap3_user_ver1_1.o
rm -rf exp_day02
 

**** Build of configuration Debug for project exp_day02 ****

Nothing to build for project exp_day02
15:03:14 **** Incremental Build of configuration Debug for project exp_day03 ****
make all 
Building file: ../day03_데이터압축1_user_ver2_3.cpp
Invoking: GCC C++ Compiler
clang -O3 -g3 --std=c++14  -c -fmessage-length=0 -MMD -MP -MF"day03_데이터압축1_user_ver2_3.d" -MT"day03_데이터압축1_user_ver2_3.o" -o "day03_데이터압축1_user_ver2_3.o" "../day03_데이터압축1_user_ver2_3.cpp"
../day03_데이터압축1_user_ver2_3.cpp:92:29: error: use of undeclared identifier 'i'
    const int val = (((freq[i]) - 'J') * c3737) | (((freq[i]) - 'J') * 37)
                            ^
../day03_데이터압축1_user_ver2_3.cpp:92:59: error: use of undeclared identifier 'i'
    const int val = (((freq[i]) - 'J') * c3737) | (((freq[i]) - 'J') * 37)
                                                          ^
../day03_데이터압축1_user_ver2_3.cpp:93:17: error: use of undeclared identifier 'i'
        | (freq[i]) - 'J'
                ^
3 errors generated.
make: *** [day03_데이터압축1_user_ver2_3.o] Error 1
"make all" terminated with exit code 2. Build might be incomplete.

**** Build of configuration Debug for project exp_day04 ****

Nothing to build for project exp_day04

**** Build of configuration Debug for project exp_day05 ****

Nothing to build for project exp_day05

**** Build of configuration Debug for project exp_day06 ****

Nothing to build for project exp_day06

**** Build of configuration Debug for project exp_day07 ****

Nothing to build for project exp_day07

**** Build of configuration Debug for project exp_day08 ****

Nothing to build for project exp_day08

**** Build of configuration Debug for project exp_day09 ****

Nothing to build for project exp_day09

**** Build of configuration Debug for project exp_day10 ****

Nothing to build for project exp_day10
15:03:29 **** Incremental Build of configuration Debug for project exp_day01 ****
make all 
make: Nothing to be done for `all'.
15:03:29 **** Clean-only build of configuration Debug for project exp_day02 ****
make clean 
rm -rf ./day02_Bit_ImageMap3_main.d ./day02_Bit_ImageMap3_main.o ./day02_Bit_ImageMap3_user_ver1_1.d ./day02_Bit_ImageMap3_user_ver1_1.o
rm -rf exp_day02
 

**** Build of configuration Debug for project exp_day02 ****

Nothing to build for project exp_day02
15:03:29 **** Incremental Build of configuration Debug for project exp_day03 ****
make all 
Building file: ../day03_데이터압축1_user_ver2_3.cpp
Invoking: GCC C++ Compiler
clang -O3 -g3 --std=c++14  -c -fmessage-length=0 -MMD -MP -MF"day03_데이터압축1_user_ver2_3.d" -MT"day03_데이터압축1_user_ver2_3.o" -o "day03_데이터압축1_user_ver2_3.o" "../day03_데이터압축1_user_ver2_3.cpp"
../day03_데이터압축1_user_ver2_3.cpp:92:29: error: use of undeclared identifier 'i'
    const int val = (((freq[i]) - 'J') * c3737) | (((freq[i]) - 'J') * 37)
                            ^
../day03_데이터압축1_user_ver2_3.cpp:92:59: error: use of undeclared identifier 'i'
    const int val = (((freq[i]) - 'J') * c3737) | (((freq[i]) - 'J') * 37)
                                                          ^
../day03_데이터압축1_user_ver2_3.cpp:93:18: error: use of undeclared identifier 'i'
        | ((freq[i]) - 'J');
                 ^
3 errors generated.
make: *** [day03_데이터압축1_user_ver2_3.o] Error 1
"make all" terminated with exit code 2. Build might be incomplete.

**** Build of configuration Debug for project exp_day04 ****

Nothing to build for project exp_day04

**** Build of configuration Debug for project exp_day05 ****

Nothing to build for project exp_day05

**** Build of configuration Debug for project exp_day06 ****

Nothing to build for project exp_day06

**** Build of configuration Debug for project exp_day07 ****

Nothing to build for project exp_day07

**** Build of configuration Debug for project exp_day08 ****

Nothing to build for project exp_day08

**** Build of configuration Debug for project exp_day09 ****

Nothing to build for project exp_day09

**** Build of configuration Debug for project exp_day10 ****

Nothing to build for project exp_day10
15:03:32 **** Incremental Build of configuration Debug for project exp_day03 ****
make all 
Building file: ../day03_데이터압축1_user_ver2_3.cpp
Invoking: GCC C++ Compiler
clang -O3 -g3 --std=c++14  -c -fmessage-length=0 -MMD -MP -MF"day03_데이터압축1_user_ver2_3.d" -MT"day03_데이터압축1_user_ver2_3.o" -o "day03_데이터압축1_user_ver2_3.o" "../day03_데이터압축1_user_ver2_3.cpp"
../day03_데이터압축1_user_ver2_3.cpp:92:29: error: use of undeclared identifier 'i'
    const int val = (((freq[i]) - 'J') * c3737) | (((freq[i]) - 'J') * 37)
                            ^
../day03_데이터압축1_user_ver2_3.cpp:92:59: error: use of undeclared identifier 'i'
    const int val = (((freq[i]) - 'J') * c3737) | (((freq[i]) - 'J') * 37)
                                                          ^
../day03_데이터압축1_user_ver2_3.cpp:93:18: error: use of undeclared identifier 'i'
        | ((freq[i]) - 'J');
                 ^
3 errors generated.
make: *** [day03_데이터압축1_user_ver2_3.o] Error 1
"make all" terminated with exit code 2. Build might be incomplete.
15:03:50 **** Incremental Build of configuration Debug for project exp_day01 ****
make all 
make: Nothing to be done for `all'.
15:03:51 **** Clean-only build of configuration Debug for project exp_day02 ****
make clean 
rm -rf ./day02_Bit_ImageMap3_main.d ./day02_Bit_ImageMap3_main.o ./day02_Bit_ImageMap3_user_ver1_1.d ./day02_Bit_ImageMap3_user_ver1_1.o
rm -rf exp_day02
 

**** Build of configuration Debug for project exp_day02 ****

Nothing to build for project exp_day02
15:03:51 **** Incremental Build of configuration Debug for project exp_day03 ****
make all 
Building file: ../day03_데이터압축1_user_ver2_3.cpp
Invoking: GCC C++ Compiler
clang -O3 -g3 --std=c++14  -c -fmessage-length=0 -MMD -MP -MF"day03_데이터압축1_user_ver2_3.d" -MT"day03_데이터압축1_user_ver2_3.o" -o "day03_데이터압축1_user_ver2_3.o" "../day03_데이터압축1_user_ver2_3.cpp"
../day03_데이터압축1_user_ver2_3.cpp:92:29: error: use of undeclared identifier 'i'
    const int val = (((freq[i]) - 'J') * c3737) | (((freq[i + 1]) - 'J') * 37)
                            ^
../day03_데이터압축1_user_ver2_3.cpp:92:59: error: use of undeclared identifier 'i'
    const int val = (((freq[i]) - 'J') * c3737) | (((freq[i + 1]) - 'J') * 37)
                                                          ^
../day03_데이터압축1_user_ver2_3.cpp:93:17: error: use of undeclared identifier 'i'
        | (freq[i + 2] - 'J');
                ^
3 errors generated.
make: *** [day03_데이터압축1_user_ver2_3.o] Error 1
"make all" terminated with exit code 2. Build might be incomplete.

**** Build of configuration Debug for project exp_day04 ****

Nothing to build for project exp_day04

**** Build of configuration Debug for project exp_day05 ****

Nothing to build for project exp_day05

**** Build of configuration Debug for project exp_day06 ****

Nothing to build for project exp_day06

**** Build of configuration Debug for project exp_day07 ****

Nothing to build for project exp_day07

**** Build of configuration Debug for project exp_day08 ****

Nothing to build for project exp_day08

**** Build of configuration Debug for project exp_day09 ****

Nothing to build for project exp_day09

**** Build of configuration Debug for project exp_day10 ****

Nothing to build for project exp_day10
15:03:54 **** Incremental Build of configuration Debug for project exp_day03 ****
make all 
Building file: ../day03_데이터압축1_user_ver2_3.cpp
Invoking: GCC C++ Compiler
clang -O3 -g3 --std=c++14  -c -fmessage-length=0 -MMD -MP -MF"day03_데이터압축1_user_ver2_3.d" -MT"day03_데이터압축1_user_ver2_3.o" -o "day03_데이터압축1_user_ver2_3.o" "../day03_데이터압축1_user_ver2_3.cpp"
../day03_데이터압축1_user_ver2_3.cpp:92:29: error: use of undeclared identifier 'i'
    const int val = (((freq[i]) - 'J') * c3737) | (((freq[i + 1]) - 'J') * 37)
                            ^
../day03_데이터압축1_user_ver2_3.cpp:92:59: error: use of undeclared identifier 'i'
    const int val = (((freq[i]) - 'J') * c3737) | (((freq[i + 1]) - 'J') * 37)
                                                          ^
../day03_데이터압축1_user_ver2_3.cpp:93:17: error: use of undeclared identifier 'i'
        | (freq[i + 2] - 'J');
                ^
3 errors generated.
make: *** [day03_데이터압축1_user_ver2_3.o] Error 1
"make all" terminated with exit code 2. Build might be incomplete.
15:04:17 **** Incremental Build of configuration Debug for project exp_day03 ****
make all 
Building file: ../day03_데이터압축1_user_ver2_3.cpp
Invoking: GCC C++ Compiler
clang -O3 -g3 --std=c++14  -c -fmessage-length=0 -MMD -MP -MF"day03_데이터압축1_user_ver2_3.d" -MT"day03_데이터압축1_user_ver2_3.o" -o "day03_데이터압축1_user_ver2_3.o" "../day03_데이터압축1_user_ver2_3.cpp"
Finished building: ../day03_데이터압축1_user_ver2_3.cpp
 
Building target: exp_day03
Invoking: MacOS X C++ Linker
g++  -o "exp_day03"  ./day03_데이터압축1_main.o ./day03_데이터압축1_user_ver2_3.o   
Finished building target: exp_day03
 
15:05:13 **** Incremental Build of configuration Debug for project exp_day03 ****
make all 
Building file: ../day03_데이터압축1_user_ver2_3.cpp
Invoking: GCC C++ Compiler
clang -O3 -g3 --std=c++14  -c -fmessage-length=0 -MMD -MP -MF"day03_데이터압축1_user_ver2_3.d" -MT"day03_데이터압축1_user_ver2_3.o" -o "day03_데이터압축1_user_ver2_3.o" "../day03_데이터압축1_user_ver2_3.cpp"
../day03_데이터압축1_user_ver2_3.cpp:98:3: error: use of undeclared identifier 'printf'
  printf("idxc %d, idxf %d\n", idxc, idxf);
  ^
../day03_데이터압축1_user_ver2_3.cpp:113:3: error: use of undeclared identifier 'printf'
  printf("idxc %d, idxf %d\n", idxc, idxf);
  ^
2 errors generated.
make: *** [day03_데이터압축1_user_ver2_3.o] Error 1
"make all" terminated with exit code 2. Build might be incomplete.
15:05:24 **** Incremental Build of configuration Debug for project exp_day03 ****
make all 
Building file: ../day03_데이터압축1_user_ver2_3.cpp
Invoking: GCC C++ Compiler
clang -O3 -g3 --std=c++14  -c -fmessage-length=0 -MMD -MP -MF"day03_데이터압축1_user_ver2_3.d" -MT"day03_데이터압축1_user_ver2_3.o" -o "day03_데이터압축1_user_ver2_3.o" "../day03_데이터압축1_user_ver2_3.cpp"
Finished building: ../day03_데이터압축1_user_ver2_3.cpp
 
Building target: exp_day03
Invoking: MacOS X C++ Linker
g++  -o "exp_day03"  ./day03_데이터압축1_main.o ./day03_데이터압축1_user_ver2_3.o   
Finished building target: exp_day03
 
15:07:57 **** Incremental Build of configuration Debug for project exp_day03 ****
make all 
Building file: ../day03_데이터압축1_user_ver2_3.cpp
Invoking: GCC C++ Compiler
clang -O3 -g3 --std=c++14  -c -fmessage-length=0 -MMD -MP -MF"day03_데이터압축1_user_ver2_3.d" -MT"day03_데이터압축1_user_ver2_3.o" -o "day03_데이터압축1_user_ver2_3.o" "../day03_데이터압축1_user_ver2_3.cpp"
Finished building: ../day03_데이터압축1_user_ver2_3.cpp
 
Building target: exp_day03
Invoking: MacOS X C++ Linker
g++  -o "exp_day03"  ./day03_데이터압축1_main.o ./day03_데이터압축1_user_ver2_3.o   
Finished building target: exp_day03
 
15:09:17 **** Incremental Build of configuration Debug for project exp_day03 ****
make all 
Building file: ../day03_데이터압축1_user_ver2_3.cpp
Invoking: GCC C++ Compiler
clang -O3 -g3 --std=c++14  -c -fmessage-length=0 -MMD -MP -MF"day03_데이터압축1_user_ver2_3.d" -MT"day03_데이터압축1_user_ver2_3.o" -o "day03_데이터압축1_user_ver2_3.o" "../day03_데이터압축1_user_ver2_3.cpp"
Finished building: ../day03_데이터압축1_user_ver2_3.cpp
 
Building target: exp_day03
Invoking: MacOS X C++ Linker
g++  -o "exp_day03"  ./day03_데이터압축1_main.o ./day03_데이터압축1_user_ver2_3.o   
Finished building target: exp_day03
 
15:10:54 **** Incremental Build of configuration Debug for project exp_day03 ****
make all 
Building file: ../day03_데이터압축1_user_ver2_3.cpp
Invoking: GCC C++ Compiler
clang -O3 -g3 --std=c++14  -c -fmessage-length=0 -MMD -MP -MF"day03_데이터압축1_user_ver2_3.d" -MT"day03_데이터압축1_user_ver2_3.o" -o "day03_데이터압축1_user_ver2_3.o" "../day03_데이터압축1_user_ver2_3.cpp"
Finished building: ../day03_데이터압축1_user_ver2_3.cpp
 
Building target: exp_day03
Invoking: MacOS X C++ Linker
g++  -o "exp_day03"  ./day03_데이터압축1_main.o ./day03_데이터압축1_user_ver2_3.o   
Finished building target: exp_day03
 
15:11:31 **** Incremental Build of configuration Debug for project exp_day01 ****
make all 
make: Nothing to be done for `all'.
15:11:31 **** Clean-only build of configuration Debug for project exp_day02 ****
make clean 
rm -rf ./day02_Bit_ImageMap3_main.d ./day02_Bit_ImageMap3_main.o ./day02_Bit_ImageMap3_user_ver1_1.d ./day02_Bit_ImageMap3_user_ver1_1.o
rm -rf exp_day02
 

**** Build of configuration Debug for project exp_day02 ****

Nothing to build for project exp_day02
15:11:31 **** Incremental Build of configuration Debug for project exp_day03 ****
make all 
Building file: ../day03_데이터압축1_user_ver2_3.cpp
Invoking: GCC C++ Compiler
clang -O3 -g3 --std=c++14  -c -fmessage-length=0 -MMD -MP -MF"day03_데이터압축1_user_ver2_3.d" -MT"day03_데이터압축1_user_ver2_3.o" -o "day03_데이터압축1_user_ver2_3.o" "../day03_데이터압축1_user_ver2_3.cpp"
Finished building: ../day03_데이터압축1_user_ver2_3.cpp
 
Building target: exp_day03
Invoking: MacOS X C++ Linker
g++  -o "exp_day03"  ./day03_데이터압축1_main.o ./day03_데이터압축1_user_ver2_3.o   
Finished building target: exp_day03
 

**** Build of configuration Debug for project exp_day04 ****

Nothing to build for project exp_day04

**** Build of configuration Debug for project exp_day05 ****

Nothing to build for project exp_day05

**** Build of configuration Debug for project exp_day06 ****

Nothing to build for project exp_day06

**** Build of configuration Debug for project exp_day07 ****

Nothing to build for project exp_day07

**** Build of configuration Debug for project exp_day08 ****

Nothing to build for project exp_day08

**** Build of configuration Debug for project exp_day09 ****

Nothing to build for project exp_day09

**** Build of configuration Debug for project exp_day10 ****

Nothing to build for project exp_day10
15:11:35 **** Incremental Build of configuration Debug for project exp_day03 ****
make all 
make: Nothing to be done for `all'.
15:14:07 **** Incremental Build of configuration Debug for project exp_day03 ****
make all 
Building file: ../day03_데이터압축1_user_ver2_3.cpp
Invoking: GCC C++ Compiler
clang -O3 -g3 --std=c++14  -c -fmessage-length=0 -MMD -MP -MF"day03_데이터압축1_user_ver2_3.d" -MT"day03_데이터압축1_user_ver2_3.o" -o "day03_데이터압축1_user_ver2_3.o" "../day03_데이터압축1_user_ver2_3.cpp"
Finished building: ../day03_데이터압축1_user_ver2_3.cpp
 
Building target: exp_day03
Invoking: MacOS X C++ Linker
g++  -o "exp_day03"  ./day03_데이터압축1_main.o ./day03_데이터압축1_user_ver2_3.o   
Finished building target: exp_day03
 
15:15:38 **** Incremental Build of configuration Debug for project exp_day03 ****
make all 
Building file: ../day03_데이터압축1_user_ver2_3.cpp
Invoking: GCC C++ Compiler
clang -O3 -g3 --std=c++14  -c -fmessage-length=0 -MMD -MP -MF"day03_데이터압축1_user_ver2_3.d" -MT"day03_데이터압축1_user_ver2_3.o" -o "day03_데이터압축1_user_ver2_3.o" "../day03_데이터압축1_user_ver2_3.cpp"
../day03_데이터압축1_user_ver2_3.cpp:105:3: error: use of undeclared identifier 'rint'; did you mean 'int'?
  rint idxc = 0, idxf = 0;
  ^~~~
  int
../day03_데이터압축1_user_ver2_3.cpp:108:5: error: use of undeclared identifier 'rint'; did you mean 'int'?
    rint code = ((freq[idxf] - 'J') * c3737) + ((freq[idxf + 1] - 'J') * 37)
    ^~~~
    int
2 errors generated.
make: *** [day03_데이터압축1_user_ver2_3.o] Error 1
"make all" terminated with exit code 2. Build might be incomplete.
15:16:10 **** Incremental Build of configuration Debug for project exp_day03 ****
make all 
Building file: ../day03_데이터압축1_user_ver2_3.cpp
Invoking: GCC C++ Compiler
clang -O3 -g3 --std=c++14  -c -fmessage-length=0 -MMD -MP -MF"day03_데이터압축1_user_ver2_3.d" -MT"day03_데이터압축1_user_ver2_3.o" -o "day03_데이터압축1_user_ver2_3.o" "../day03_데이터압축1_user_ver2_3.cpp"
Finished building: ../day03_데이터압축1_user_ver2_3.cpp
 
Building target: exp_day03
Invoking: MacOS X C++ Linker
g++  -o "exp_day03"  ./day03_데이터압축1_main.o ./day03_데이터압축1_user_ver2_3.o   
Finished building target: exp_day03
 
15:16:50 **** Incremental Build of configuration Debug for project exp_day03 ****
make all 
Building file: ../day03_데이터압축1_user_ver2_3.cpp
Invoking: GCC C++ Compiler
clang -O3 -g3 --std=c++14  -c -fmessage-length=0 -MMD -MP -MF"day03_데이터압축1_user_ver2_3.d" -MT"day03_데이터압축1_user_ver2_3.o" -o "day03_데이터압축1_user_ver2_3.o" "../day03_데이터압축1_user_ver2_3.cpp"
Finished building: ../day03_데이터압축1_user_ver2_3.cpp
 
Building target: exp_day03
Invoking: MacOS X C++ Linker
g++  -o "exp_day03"  ./day03_데이터압축1_main.o ./day03_데이터압축1_user_ver2_3.o   
Finished building target: exp_day03
 
15:17:18 **** Incremental Build of configuration Debug for project exp_day03 ****
make all 
Building file: ../day03_데이터압축1_user_ver2_3.cpp
Invoking: GCC C++ Compiler
clang -O3 -g3 --std=c++14  -c -fmessage-length=0 -MMD -MP -MF"day03_데이터압축1_user_ver2_3.d" -MT"day03_데이터압축1_user_ver2_3.o" -o "day03_데이터압축1_user_ver2_3.o" "../day03_데이터압축1_user_ver2_3.cpp"
Finished building: ../day03_데이터압축1_user_ver2_3.cpp
 
Building target: exp_day03
Invoking: MacOS X C++ Linker
g++  -o "exp_day03"  ./day03_데이터압축1_main.o ./day03_데이터압축1_user_ver2_3.o   
Finished building target: exp_day03
 
15:19:23 **** Incremental Build of configuration Debug for project exp_day03 ****
make all 
Building file: ../day03_데이터압축1_user_ver2_3.cpp
Invoking: GCC C++ Compiler
clang -O3 -g3 --std=c++14  -c -fmessage-length=0 -MMD -MP -MF"day03_데이터압축1_user_ver2_3.d" -MT"day03_데이터압축1_user_ver2_3.o" -o "day03_데이터압축1_user_ver2_3.o" "../day03_데이터압축1_user_ver2_3.cpp"
../day03_데이터압축1_user_ver2_3.cpp:108:31: warning: operator '<<' has lower precedence than '+'; '+' will be evaluated first [-Wshift-op-parentheses]
    int val = comp[idxc] << 8 + (comp[idxc + 1] & 255);
                         ~~ ~~^~~~~~~~~~~~~~~~~~~~~~~~
../day03_데이터압축1_user_ver2_3.cpp:108:31: note: place parentheses around the '+' expression to silence this warning
    int val = comp[idxc] << 8 + (comp[idxc + 1] & 255);
                              ^
                            (                         )
1 warning generated.
Finished building: ../day03_데이터압축1_user_ver2_3.cpp
 
Building target: exp_day03
Invoking: MacOS X C++ Linker
g++  -o "exp_day03"  ./day03_데이터압축1_main.o ./day03_데이터압축1_user_ver2_3.o   
Finished building target: exp_day03
 
15:19:28 **** Incremental Build of configuration Debug for project exp_day03 ****
make all 
Building file: ../day03_데이터압축1_user_ver2_3.cpp
Invoking: GCC C++ Compiler
clang -O3 -g3 --std=c++14  -c -fmessage-length=0 -MMD -MP -MF"day03_데이터압축1_user_ver2_3.d" -MT"day03_데이터압축1_user_ver2_3.o" -o "day03_데이터압축1_user_ver2_3.o" "../day03_데이터압축1_user_ver2_3.cpp"
Finished building: ../day03_데이터압축1_user_ver2_3.cpp
 
Building target: exp_day03
Invoking: MacOS X C++ Linker
g++  -o "exp_day03"  ./day03_데이터압축1_main.o ./day03_데이터압축1_user_ver2_3.o   
Finished building target: exp_day03
 
15:26:34 **** Incremental Build of configuration Debug for project exp_day01 ****
make all 
make: Nothing to be done for `all'.
15:26:34 **** Clean-only build of configuration Debug for project exp_day02 ****
make clean 
rm -rf ./day02_Bit_ImageMap3_main.d ./day02_Bit_ImageMap3_main.o ./day02_Bit_ImageMap3_user_ver1_1.d ./day02_Bit_ImageMap3_user_ver1_1.o
rm -rf exp_day02
 

**** Build of configuration Debug for project exp_day02 ****

Nothing to build for project exp_day02
15:26:34 **** Incremental Build of configuration Debug for project exp_day03 ****
make all 
Building file: ../day03_데이터압축1_user_ver2_3.cpp
Invoking: GCC C++ Compiler
clang -O3 -g3 --std=c++14  -c -fmessage-length=0 -MMD -MP -MF"day03_데이터압축1_user_ver2_3.d" -MT"day03_데이터압축1_user_ver2_3.o" -o "day03_데이터압축1_user_ver2_3.o" "../day03_데이터압축1_user_ver2_3.cpp"
Finished building: ../day03_데이터압축1_user_ver2_3.cpp
 
Building target: exp_day03
Invoking: MacOS X C++ Linker
g++  -o "exp_day03"  ./day03_데이터압축1_main.o ./day03_데이터압축1_user_ver2_3.o   
Finished building target: exp_day03
 

**** Build of configuration Debug for project exp_day04 ****

Nothing to build for project exp_day04

**** Build of configuration Debug for project exp_day05 ****

Nothing to build for project exp_day05

**** Build of configuration Debug for project exp_day06 ****

Nothing to build for project exp_day06

**** Build of configuration Debug for project exp_day07 ****

Nothing to build for project exp_day07

**** Build of configuration Debug for project exp_day08 ****

Nothing to build for project exp_day08

**** Build of configuration Debug for project exp_day09 ****

Nothing to build for project exp_day09

**** Build of configuration Debug for project exp_day10 ****

Nothing to build for project exp_day10
15:47:43 **** Incremental Build of configuration Debug for project exp_day03 ****
make all 
Building file: ../day03_데이터압축1_user_ver2_3.cpp
Invoking: GCC C++ Compiler
clang -O3 -g3 --std=c++14  -c -fmessage-length=0 -MMD -MP -MF"day03_데이터압축1_user_ver2_3.d" -MT"day03_데이터압축1_user_ver2_3.o" -o "day03_데이터압축1_user_ver2_3.o" "../day03_데이터압축1_user_ver2_3.cpp"
Finished building: ../day03_데이터압축1_user_ver2_3.cpp
 
Building target: exp_day03
Invoking: MacOS X C++ Linker
g++  -o "exp_day03"  ./day03_데이터압축1_main.o ./day03_데이터압축1_user_ver2_3.o   
Finished building target: exp_day03
 
15:47:50 **** Incremental Build of configuration Debug for project exp_day03 ****
make all 
Building file: ../day03_데이터압축1_user_ver2_3.cpp
Invoking: GCC C++ Compiler
clang -O3 -g3 --std=c++14  -c -fmessage-length=0 -MMD -MP -MF"day03_데이터압축1_user_ver2_3.d" -MT"day03_데이터압축1_user_ver2_3.o" -o "day03_데이터압축1_user_ver2_3.o" "../day03_데이터압축1_user_ver2_3.cpp"
Finished building: ../day03_데이터압축1_user_ver2_3.cpp
 
Building target: exp_day03
Invoking: MacOS X C++ Linker
g++  -o "exp_day03"  ./day03_데이터압축1_main.o ./day03_데이터압축1_user_ver2_3.o   
Finished building target: exp_day03
 
15:48:04 **** Incremental Build of configuration Debug for project exp_day03 ****
make all 
Building file: ../day03_데이터압축1_user_ver2_3.cpp
Invoking: GCC C++ Compiler
clang -O3 -g3 --std=c++14  -c -fmessage-length=0 -MMD -MP -MF"day03_데이터압축1_user_ver2_3.d" -MT"day03_데이터압축1_user_ver2_3.o" -o "day03_데이터압축1_user_ver2_3.o" "../day03_데이터압축1_user_ver2_3.cpp"
Finished building: ../day03_데이터압축1_user_ver2_3.cpp
 
Building target: exp_day03
Invoking: MacOS X C++ Linker
g++  -o "exp_day03"  ./day03_데이터압축1_main.o ./day03_데이터압축1_user_ver2_3.o   
Finished building target: exp_day03
 
15:48:15 **** Incremental Build of configuration Debug for project exp_day03 ****
make all 
Building file: ../day03_데이터압축1_user_ver2_3.cpp
Invoking: GCC C++ Compiler
clang -O3 -g3 --std=c++14  -c -fmessage-length=0 -MMD -MP -MF"day03_데이터압축1_user_ver2_3.d" -MT"day03_데이터압축1_user_ver2_3.o" -o "day03_데이터압축1_user_ver2_3.o" "../day03_데이터압축1_user_ver2_3.cpp"
Finished building: ../day03_데이터압축1_user_ver2_3.cpp
 
Building target: exp_day03
Invoking: MacOS X C++ Linker
g++  -o "exp_day03"  ./day03_데이터압축1_main.o ./day03_데이터압축1_user_ver2_3.o   
Finished building target: exp_day03
 
15:49:23 **** Incremental Build of configuration Debug for project exp_day03 ****
make all 
Building file: ../day03_데이터압축1_user_ver2_3.cpp
Invoking: GCC C++ Compiler
clang -O3 -g3 --std=c++14  -c -fmessage-length=0 -MMD -MP -MF"day03_데이터압축1_user_ver2_3.d" -MT"day03_데이터압축1_user_ver2_3.o" -o "day03_데이터압축1_user_ver2_3.o" "../day03_데이터압축1_user_ver2_3.cpp"
Finished building: ../day03_데이터압축1_user_ver2_3.cpp
 
Building target: exp_day03
Invoking: MacOS X C++ Linker
g++  -o "exp_day03"  ./day03_데이터압축1_main.o ./day03_데이터압축1_user_ver2_3.o   
Finished building target: exp_day03
 
15:50:08 **** Incremental Build of configuration Debug for project exp_day03 ****
make all 
Building file: ../day03_데이터압축1_user_ver2_3.cpp
Invoking: GCC C++ Compiler
clang -O3 -g3 --std=c++14  -c -fmessage-length=0 -MMD -MP -MF"day03_데이터압축1_user_ver2_3.d" -MT"day03_데이터압축1_user_ver2_3.o" -o "day03_데이터압축1_user_ver2_3.o" "../day03_데이터압축1_user_ver2_3.cpp"
Finished building: ../day03_데이터압축1_user_ver2_3.cpp
 
Building target: exp_day03
Invoking: MacOS X C++ Linker
g++  -o "exp_day03"  ./day03_데이터압축1_main.o ./day03_데이터압축1_user_ver2_3.o   
Finished building target: exp_day03
 
15:51:18 **** Incremental Build of configuration Debug for project exp_day03 ****
make all 
Building file: ../day03_데이터압축1_user_ver2_3.cpp
Invoking: GCC C++ Compiler
clang -O3 -g3 --std=c++14  -c -fmessage-length=0 -MMD -MP -MF"day03_데이터압축1_user_ver2_3.d" -MT"day03_데이터압축1_user_ver2_3.o" -o "day03_데이터압축1_user_ver2_3.o" "../day03_데이터압축1_user_ver2_3.cpp"
Finished building: ../day03_데이터압축1_user_ver2_3.cpp
 
Building target: exp_day03
Invoking: MacOS X C++ Linker
g++  -o "exp_day03"  ./day03_데이터압축1_main.o ./day03_데이터압축1_user_ver2_3.o   
Finished building target: exp_day03
 
15:52:37 **** Incremental Build of configuration Debug for project exp_day03 ****
make all 
Building file: ../day03_데이터압축1_user_ver2_3.cpp
Invoking: GCC C++ Compiler
clang -O3 -g3 --std=c++14  -c -fmessage-length=0 -MMD -MP -MF"day03_데이터압축1_user_ver2_3.d" -MT"day03_데이터압축1_user_ver2_3.o" -o "day03_데이터압축1_user_ver2_3.o" "../day03_데이터압축1_user_ver2_3.cpp"
Finished building: ../day03_데이터압축1_user_ver2_3.cpp
 
Building target: exp_day03
Invoking: MacOS X C++ Linker
g++  -o "exp_day03"  ./day03_데이터압축1_main.o ./day03_데이터압축1_user_ver2_3.o   
Finished building target: exp_day03
 
15:53:00 **** Incremental Build of configuration Debug for project exp_day03 ****
make all 
Building file: ../day03_데이터압축1_user_ver2_3.cpp
Invoking: GCC C++ Compiler
clang -O3 -g3 --std=c++14  -c -fmessage-length=0 -MMD -MP -MF"day03_데이터압축1_user_ver2_3.d" -MT"day03_데이터압축1_user_ver2_3.o" -o "day03_데이터압축1_user_ver2_3.o" "../day03_데이터압축1_user_ver2_3.cpp"
Finished building: ../day03_데이터압축1_user_ver2_3.cpp
 
Building target: exp_day03
Invoking: MacOS X C++ Linker
g++  -o "exp_day03"  ./day03_데이터압축1_main.o ./day03_데이터압축1_user_ver2_3.o   
Finished building target: exp_day03
 
15:53:29 **** Incremental Build of configuration Debug for project exp_day03 ****
make all 
Building file: ../day03_데이터압축1_user_ver2_3.cpp
Invoking: GCC C++ Compiler
clang -O3 -g3 --std=c++14  -c -fmessage-length=0 -MMD -MP -MF"day03_데이터압축1_user_ver2_3.d" -MT"day03_데이터압축1_user_ver2_3.o" -o "day03_데이터압축1_user_ver2_3.o" "../day03_데이터압축1_user_ver2_3.cpp"
Finished building: ../day03_데이터압축1_user_ver2_3.cpp
 
Building target: exp_day03
Invoking: MacOS X C++ Linker
g++  -o "exp_day03"  ./day03_데이터압축1_main.o ./day03_데이터압축1_user_ver2_3.o   
Finished building target: exp_day03
 
16:32:59 **** Incremental Build of configuration Debug for project exp_day01 ****
make all 
make: Nothing to be done for `all'.
16:32:59 **** Clean-only build of configuration Debug for project exp_day02 ****
make clean 
rm -rf ./day02_Bit_ImageMap3_main.d ./day02_Bit_ImageMap3_main.o ./day02_Bit_ImageMap3_user_ver1_1.d ./day02_Bit_ImageMap3_user_ver1_1.o
rm -rf exp_day02
 

**** Build of configuration Debug for project exp_day02 ****

Nothing to build for project exp_day02
16:33:00 **** Clean-only build of configuration Debug for project exp_day03 ****
make clean 
rm -rf ./day03_데이터압축1_main.d ./day03_데이터압축1_main.o ./day03_데이터압축1_user_ver2_3.d ./day03_데이터압축1_user_ver2_3.o
rm -rf exp_day03
 
16:33:00 **** Incremental Build of configuration Debug for project exp_day03 ****
make all 
Building file: ../day03_데이터압축1_main.cpp
Invoking: GCC C++ Compiler
clang -O3 -g3 --std=c++14  -c -fmessage-length=0 -MMD -MP -MF"day03_데이터압축1_main.d" -MT"day03_데이터압축1_main.o" -o "day03_데이터압축1_main.o" "../day03_데이터압축1_main.cpp"
Finished building: ../day03_데이터압축1_main.cpp
 
Building file: ../day03_데이터압축1_user_ver2_4.cpp
Invoking: GCC C++ Compiler
clang -O3 -g3 --std=c++14  -c -fmessage-length=0 -MMD -MP -MF"day03_데이터압축1_user_ver2_4.d" -MT"day03_데이터압축1_user_ver2_4.o" -o "day03_데이터압축1_user_ver2_4.o" "../day03_데이터압축1_user_ver2_4.cpp"
../day03_데이터압축1_user_ver2_4.cpp:91:48: error: assignment to cast is illegal, lvalue casts are not supported
        + ((int) freq[idxf + 1] - 'J') * 37 + ((int) freq[idxf + 2] = 'J'); // 16bits max.
                                               ^~~~~~~~~~~~~~~~~~~~ ~
1 error generated.
make: *** [day03_데이터압축1_user_ver2_4.o] Error 1
"make all" terminated with exit code 2. Build might be incomplete.

**** Build of configuration Debug for project exp_day04 ****

Nothing to build for project exp_day04

**** Build of configuration Debug for project exp_day05 ****

Nothing to build for project exp_day05

**** Build of configuration Debug for project exp_day06 ****

Nothing to build for project exp_day06

**** Build of configuration Debug for project exp_day07 ****

Nothing to build for project exp_day07

**** Build of configuration Debug for project exp_day08 ****

Nothing to build for project exp_day08

**** Build of configuration Debug for project exp_day09 ****

Nothing to build for project exp_day09

**** Build of configuration Debug for project exp_day10 ****

Nothing to build for project exp_day10
16:33:25 **** Incremental Build of configuration Debug for project exp_day01 ****
make all 
make: Nothing to be done for `all'.
16:33:25 **** Clean-only build of configuration Debug for project exp_day02 ****
make clean 
rm -rf ./day02_Bit_ImageMap3_main.d ./day02_Bit_ImageMap3_main.o ./day02_Bit_ImageMap3_user_ver1_1.d ./day02_Bit_ImageMap3_user_ver1_1.o
rm -rf exp_day02
 

**** Build of configuration Debug for project exp_day02 ****

Nothing to build for project exp_day02
16:33:25 **** Incremental Build of configuration Debug for project exp_day03 ****
make all 
Building file: ../day03_데이터압축1_user_ver2_4.cpp
Invoking: GCC C++ Compiler
clang -O3 -g3 --std=c++14  -c -fmessage-length=0 -MMD -MP -MF"day03_데이터압축1_user_ver2_4.d" -MT"day03_데이터압축1_user_ver2_4.o" -o "day03_데이터압축1_user_ver2_4.o" "../day03_데이터압축1_user_ver2_4.cpp"
Finished building: ../day03_데이터압축1_user_ver2_4.cpp
 
Building target: exp_day03
Invoking: MacOS X C++ Linker
g++  -o "exp_day03"  ./day03_데이터압축1_main.o ./day03_데이터압축1_user_ver2_4.o   
Finished building target: exp_day03
 

**** Build of configuration Debug for project exp_day04 ****

Nothing to build for project exp_day04

**** Build of configuration Debug for project exp_day05 ****

Nothing to build for project exp_day05

**** Build of configuration Debug for project exp_day06 ****

Nothing to build for project exp_day06

**** Build of configuration Debug for project exp_day07 ****

Nothing to build for project exp_day07

**** Build of configuration Debug for project exp_day08 ****

Nothing to build for project exp_day08

**** Build of configuration Debug for project exp_day09 ****

Nothing to build for project exp_day09

**** Build of configuration Debug for project exp_day10 ****

Nothing to build for project exp_day10
16:37:28 **** Incremental Build of configuration Debug for project exp_day01 ****
make all 
make: Nothing to be done for `all'.
16:37:28 **** Clean-only build of configuration Debug for project exp_day02 ****
make clean 
rm -rf ./day02_Bit_ImageMap3_main.d ./day02_Bit_ImageMap3_main.o ./day02_Bit_ImageMap3_user_ver1_1.d ./day02_Bit_ImageMap3_user_ver1_1.o
rm -rf exp_day02
 

**** Build of configuration Debug for project exp_day02 ****

Nothing to build for project exp_day02
16:37:28 **** Incremental Build of configuration Debug for project exp_day03 ****
make all 
Building file: ../day03_데이터압축1_user_ver2_4.cpp
Invoking: GCC C++ Compiler
clang -O3 -g3 --std=c++14  -c -fmessage-length=0 -MMD -MP -MF"day03_데이터압축1_user_ver2_4.d" -MT"day03_데이터압축1_user_ver2_4.o" -o "day03_데이터압축1_user_ver2_4.o" "../day03_데이터압축1_user_ver2_4.cpp"
Finished building: ../day03_데이터압축1_user_ver2_4.cpp
 
Building target: exp_day03
Invoking: MacOS X C++ Linker
g++  -o "exp_day03"  ./day03_데이터압축1_main.o ./day03_데이터압축1_user_ver2_4.o   
Finished building target: exp_day03
 

**** Build of configuration Debug for project exp_day04 ****

Nothing to build for project exp_day04

**** Build of configuration Debug for project exp_day05 ****

Nothing to build for project exp_day05

**** Build of configuration Debug for project exp_day06 ****

Nothing to build for project exp_day06

**** Build of configuration Debug for project exp_day07 ****

Nothing to build for project exp_day07

**** Build of configuration Debug for project exp_day08 ****

Nothing to build for project exp_day08

**** Build of configuration Debug for project exp_day09 ****

Nothing to build for project exp_day09

**** Build of configuration Debug for project exp_day10 ****

Nothing to build for project exp_day10
16:37:30 **** Incremental Build of configuration Debug for project exp_day03 ****
make all 
make: Nothing to be done for `all'.
16:38:26 **** Incremental Build of configuration Debug for project exp_day03 ****
make all 
Building file: ../day03_데이터압축1_user_ver2_4.cpp
Invoking: GCC C++ Compiler
clang -O3 -g3 --std=c++14  -c -fmessage-length=0 -MMD -MP -MF"day03_데이터압축1_user_ver2_4.d" -MT"day03_데이터압축1_user_ver2_4.o" -o "day03_데이터압축1_user_ver2_4.o" "../day03_데이터압축1_user_ver2_4.cpp"
../day03_데이터압축1_user_ver2_4.cpp:96:10: warning: multi-character character constant [-Wmultichar]
  printf('%d, %d\n', idxf, idxc);
         ^
../day03_데이터압축1_user_ver2_4.cpp:96:10: warning: character constant too long for its type
../day03_데이터압축1_user_ver2_4.cpp:96:3: error: no matching function for call to 'printf'
  printf('%d, %d\n', idxf, idxc);
  ^~~~~~
/Library/Developer/CommandLineTools/SDKs/MacOSX.sdk/usr/include/stdio.h:175:6: note: candidate function not viable: no known conversion from 'int' to 'const char *' for 1st argument
int      printf(const char * __restrict, ...) __printflike(1, 2);
         ^
../day03_데이터압축1_user_ver2_4.cpp:111:10: warning: multi-character character constant [-Wmultichar]
  printf('%d, %d\n', idxf, idxc);
         ^
../day03_데이터압축1_user_ver2_4.cpp:111:10: warning: character constant too long for its type
../day03_데이터압축1_user_ver2_4.cpp:111:3: error: no matching function for call to 'printf'
  printf('%d, %d\n', idxf, idxc);
  ^~~~~~
/Library/Developer/CommandLineTools/SDKs/MacOSX.sdk/usr/include/stdio.h:175:6: note: candidate function not viable: no known conversion from 'int' to 'const char *' for 1st argument
int      printf(const char * __restrict, ...) __printflike(1, 2);
         ^
4 warnings and 2 errors generated.
make: *** [day03_데이터압축1_user_ver2_4.o] Error 1
"make all" terminated with exit code 2. Build might be incomplete.
16:38:41 **** Incremental Build of configuration Debug for project exp_day01 ****
make all 
make: Nothing to be done for `all'.
16:38:41 **** Clean-only build of configuration Debug for project exp_day02 ****
make clean 
rm -rf ./day02_Bit_ImageMap3_main.d ./day02_Bit_ImageMap3_main.o ./day02_Bit_ImageMap3_user_ver1_1.d ./day02_Bit_ImageMap3_user_ver1_1.o
rm -rf exp_day02
 

**** Build of configuration Debug for project exp_day02 ****

Nothing to build for project exp_day02
16:38:42 **** Incremental Build of configuration Debug for project exp_day03 ****
make all 
Building file: ../day03_데이터압축1_user_ver2_4.cpp
Invoking: GCC C++ Compiler
clang -O3 -g3 --std=c++14  -c -fmessage-length=0 -MMD -MP -MF"day03_데이터압축1_user_ver2_4.d" -MT"day03_데이터압축1_user_ver2_4.o" -o "day03_데이터압축1_user_ver2_4.o" "../day03_데이터압축1_user_ver2_4.cpp"
../day03_데이터압축1_user_ver2_4.cpp:97:10: warning: multi-character character constant [-Wmultichar]
  printf('%d, %d\n', idxf, idxc);
         ^
../day03_데이터압축1_user_ver2_4.cpp:97:10: warning: character constant too long for its type
../day03_데이터압축1_user_ver2_4.cpp:97:3: error: no matching function for call to 'printf'
  printf('%d, %d\n', idxf, idxc);
  ^~~~~~
/Library/Developer/CommandLineTools/SDKs/MacOSX.sdk/usr/include/stdio.h:175:6: note: candidate function not viable: no known conversion from 'int' to 'const char *' for 1st argument
int      printf(const char * __restrict, ...) __printflike(1, 2);
         ^
../day03_데이터압축1_user_ver2_4.cpp:112:10: warning: multi-character character constant [-Wmultichar]
  printf('%d, %d\n', idxf, idxc);
         ^
../day03_데이터압축1_user_ver2_4.cpp:112:10: warning: character constant too long for its type
../day03_데이터압축1_user_ver2_4.cpp:112:3: error: no matching function for call to 'printf'
  printf('%d, %d\n', idxf, idxc);
  ^~~~~~
/Library/Developer/CommandLineTools/SDKs/MacOSX.sdk/usr/include/stdio.h:175:6: note: candidate function not viable: no known conversion from 'int' to 'const char *' for 1st argument
int      printf(const char * __restrict, ...) __printflike(1, 2);
         ^
4 warnings and 2 errors generated.
make: *** [day03_데이터압축1_user_ver2_4.o] Error 1
"make all" terminated with exit code 2. Build might be incomplete.

**** Build of configuration Debug for project exp_day04 ****

Nothing to build for project exp_day04

**** Build of configuration Debug for project exp_day05 ****

Nothing to build for project exp_day05

**** Build of configuration Debug for project exp_day06 ****

Nothing to build for project exp_day06

**** Build of configuration Debug for project exp_day07 ****

Nothing to build for project exp_day07

**** Build of configuration Debug for project exp_day08 ****

Nothing to build for project exp_day08

**** Build of configuration Debug for project exp_day09 ****

Nothing to build for project exp_day09

**** Build of configuration Debug for project exp_day10 ****

Nothing to build for project exp_day10
16:39:05 **** Incremental Build of configuration Debug for project exp_day01 ****
make all 
make: Nothing to be done for `all'.
16:39:05 **** Clean-only build of configuration Debug for project exp_day02 ****
make clean 
rm -rf ./day02_Bit_ImageMap3_main.d ./day02_Bit_ImageMap3_main.o ./day02_Bit_ImageMap3_user_ver1_1.d ./day02_Bit_ImageMap3_user_ver1_1.o
rm -rf exp_day02
 

**** Build of configuration Debug for project exp_day02 ****

Nothing to build for project exp_day02
16:39:05 **** Incremental Build of configuration Debug for project exp_day03 ****
make all 
Building file: ../day03_데이터압축1_user_ver2_4.cpp
Invoking: GCC C++ Compiler
clang -O3 -g3 --std=c++14  -c -fmessage-length=0 -MMD -MP -MF"day03_데이터압축1_user_ver2_4.d" -MT"day03_데이터압축1_user_ver2_4.o" -o "day03_데이터압축1_user_ver2_4.o" "../day03_데이터압축1_user_ver2_4.cpp"
Finished building: ../day03_데이터압축1_user_ver2_4.cpp
 
Building target: exp_day03
Invoking: MacOS X C++ Linker
g++  -o "exp_day03"  ./day03_데이터압축1_main.o ./day03_데이터압축1_user_ver2_4.o   
Finished building target: exp_day03
 

**** Build of configuration Debug for project exp_day04 ****

Nothing to build for project exp_day04

**** Build of configuration Debug for project exp_day05 ****

Nothing to build for project exp_day05

**** Build of configuration Debug for project exp_day06 ****

Nothing to build for project exp_day06

**** Build of configuration Debug for project exp_day07 ****

Nothing to build for project exp_day07

**** Build of configuration Debug for project exp_day08 ****

Nothing to build for project exp_day08

**** Build of configuration Debug for project exp_day09 ****

Nothing to build for project exp_day09

**** Build of configuration Debug for project exp_day10 ****

Nothing to build for project exp_day10
16:39:06 **** Incremental Build of configuration Debug for project exp_day03 ****
make all 
make: Nothing to be done for `all'.
16:39:27 **** Incremental Build of configuration Debug for project exp_day03 ****
make all 
Building file: ../day03_데이터압축1_user_ver2_4.cpp
Invoking: GCC C++ Compiler
clang -O3 -g3 --std=c++14  -c -fmessage-length=0 -MMD -MP -MF"day03_데이터압축1_user_ver2_4.d" -MT"day03_데이터압축1_user_ver2_4.o" -o "day03_데이터압축1_user_ver2_4.o" "../day03_데이터압축1_user_ver2_4.cpp"
Finished building: ../day03_데이터압축1_user_ver2_4.cpp
 
Building target: exp_day03
Invoking: MacOS X C++ Linker
g++  -o "exp_day03"  ./day03_데이터압축1_main.o ./day03_데이터압축1_user_ver2_4.o   
Finished building target: exp_day03
 
16:39:53 **** Incremental Build of configuration Debug for project exp_day03 ****
make all 
Building file: ../day03_데이터압축1_user_ver2_4.cpp
Invoking: GCC C++ Compiler
clang -O3 -g3 --std=c++14  -c -fmessage-length=0 -MMD -MP -MF"day03_데이터압축1_user_ver2_4.d" -MT"day03_데이터압축1_user_ver2_4.o" -o "day03_데이터압축1_user_ver2_4.o" "../day03_데이터압축1_user_ver2_4.cpp"
Finished building: ../day03_데이터압축1_user_ver2_4.cpp
 
Building target: exp_day03
Invoking: MacOS X C++ Linker
g++  -o "exp_day03"  ./day03_데이터압축1_main.o ./day03_데이터압축1_user_ver2_4.o   
Finished building target: exp_day03
 
16:51:18 **** Incremental Build of configuration Debug for project exp_day01 ****
make all 
make: Nothing to be done for `all'.
16:51:18 **** Clean-only build of configuration Debug for project exp_day02 ****
make clean 
rm -rf ./day02_Bit_ImageMap3_main.d ./day02_Bit_ImageMap3_main.o ./day02_Bit_ImageMap3_user_ver1_1.d ./day02_Bit_ImageMap3_user_ver1_1.o
rm -rf exp_day02
 

**** Build of configuration Debug for project exp_day02 ****

Nothing to build for project exp_day02
16:51:18 **** Incremental Build of configuration Debug for project exp_day03 ****
make all 
Building file: ../day03_데이터압축1_user_ver2_4.cpp
Invoking: GCC C++ Compiler
clang -O3 -g3 --std=c++14  -c -fmessage-length=0 -MMD -MP -MF"day03_데이터압축1_user_ver2_4.d" -MT"day03_데이터압축1_user_ver2_4.o" -o "day03_데이터압축1_user_ver2_4.o" "../day03_데이터압축1_user_ver2_4.cpp"
Finished building: ../day03_데이터압축1_user_ver2_4.cpp
 
Building target: exp_day03
Invoking: MacOS X C++ Linker
g++  -o "exp_day03"  ./day03_데이터압축1_main.o ./day03_데이터압축1_user_ver2_4.o   
Finished building target: exp_day03
 

**** Build of configuration Debug for project exp_day04 ****

Nothing to build for project exp_day04

**** Build of configuration Debug for project exp_day05 ****

Nothing to build for project exp_day05

**** Build of configuration Debug for project exp_day06 ****

Nothing to build for project exp_day06

**** Build of configuration Debug for project exp_day07 ****

Nothing to build for project exp_day07

**** Build of configuration Debug for project exp_day08 ****

Nothing to build for project exp_day08

**** Build of configuration Debug for project exp_day09 ****

Nothing to build for project exp_day09

**** Build of configuration Debug for project exp_day10 ****

Nothing to build for project exp_day10
16:51:20 **** Incremental Build of configuration Debug for project exp_day03 ****
make all 
make: Nothing to be done for `all'.
16:51:55 **** Incremental Build of configuration Debug for project exp_day03 ****
make all 
Building file: ../day03_데이터압축1_user_ver2_4.cpp
Invoking: GCC C++ Compiler
clang -O3 -g3 --std=c++14  -c -fmessage-length=0 -MMD -MP -MF"day03_데이터압축1_user_ver2_4.d" -MT"day03_데이터압축1_user_ver2_4.o" -o "day03_데이터압축1_user_ver2_4.o" "../day03_데이터압축1_user_ver2_4.cpp"
Finished building: ../day03_데이터압축1_user_ver2_4.cpp
 
Building target: exp_day03
Invoking: MacOS X C++ Linker
g++  -o "exp_day03"  ./day03_데이터압축1_main.o ./day03_데이터압축1_user_ver2_4.o   
Finished building target: exp_day03
 
16:52:48 **** Incremental Build of configuration Debug for project exp_day01 ****
make all 
make: Nothing to be done for `all'.
16:52:48 **** Clean-only build of configuration Debug for project exp_day02 ****
make clean 
rm -rf ./day02_Bit_ImageMap3_main.d ./day02_Bit_ImageMap3_main.o ./day02_Bit_ImageMap3_user_ver1_1.d ./day02_Bit_ImageMap3_user_ver1_1.o
rm -rf exp_day02
 

**** Build of configuration Debug for project exp_day02 ****

Nothing to build for project exp_day02
16:52:48 **** Incremental Build of configuration Debug for project exp_day03 ****
make all 
Building file: ../day03_데이터압축1_user_ver2_4.cpp
Invoking: GCC C++ Compiler
clang -O3 -g3 --std=c++14  -c -fmessage-length=0 -MMD -MP -MF"day03_데이터압축1_user_ver2_4.d" -MT"day03_데이터압축1_user_ver2_4.o" -o "day03_데이터압축1_user_ver2_4.o" "../day03_데이터압축1_user_ver2_4.cpp"
Finished building: ../day03_데이터압축1_user_ver2_4.cpp
 
Building target: exp_day03
Invoking: MacOS X C++ Linker
g++  -o "exp_day03"  ./day03_데이터압축1_main.o ./day03_데이터압축1_user_ver2_4.o   
Finished building target: exp_day03
 

**** Build of configuration Debug for project exp_day04 ****

Nothing to build for project exp_day04

**** Build of configuration Debug for project exp_day05 ****

Nothing to build for project exp_day05

**** Build of configuration Debug for project exp_day06 ****

Nothing to build for project exp_day06

**** Build of configuration Debug for project exp_day07 ****

Nothing to build for project exp_day07

**** Build of configuration Debug for project exp_day08 ****

Nothing to build for project exp_day08

**** Build of configuration Debug for project exp_day09 ****

Nothing to build for project exp_day09

**** Build of configuration Debug for project exp_day10 ****

Nothing to build for project exp_day10
16:52:49 **** Incremental Build of configuration Debug for project exp_day03 ****
make all 
make: Nothing to be done for `all'.
16:53:36 **** Incremental Build of configuration Debug for project exp_day03 ****
make all 
Building file: ../day03_데이터압축1_user_ver2_4.cpp
Invoking: GCC C++ Compiler
clang -O3 -g3 --std=c++14  -c -fmessage-length=0 -MMD -MP -MF"day03_데이터압축1_user_ver2_4.d" -MT"day03_데이터압축1_user_ver2_4.o" -o "day03_데이터압축1_user_ver2_4.o" "../day03_데이터압축1_user_ver2_4.cpp"
Finished building: ../day03_데이터압축1_user_ver2_4.cpp
 
Building target: exp_day03
Invoking: MacOS X C++ Linker
g++  -o "exp_day03"  ./day03_데이터압축1_main.o ./day03_데이터압축1_user_ver2_4.o   
Finished building target: exp_day03
 
17:46:44 **** Clean-only build of configuration Debug for project exp_day03 ****
make clean 
rm -rf ./day03_데이터압축1_main.d ./day03_데이터압축1_main.o ./day03_데이터압축1_user_ver2_4.d ./day03_데이터압축1_user_ver2_4.o
rm -rf exp_day03
 
17:46:44 **** Incremental Build of configuration Debug for project exp_day03 ****
make all 
Building file: ../day03_데이터압축2_main.cpp
Invoking: GCC C++ Compiler
clang -O3 -g3 --std=c++14  -c -fmessage-length=0 -MMD -MP -MF"day03_데이터압축2_main.d" -MT"day03_데이터압축2_main.o" -o "day03_데이터압축2_main.o" "../day03_데이터압축2_main.cpp"
../day03_데이터압축2_main.cpp:30:8: warning: 'register' storage class specifier is deprecated and incompatible with C++17 [-Wdeprecated-register]
  for (register int y = 0; y <= 9999; y++)
       ^~~~~~~~~
../day03_데이터압축2_main.cpp:31:10: warning: 'register' storage class specifier is deprecated and incompatible with C++17 [-Wdeprecated-register]
    for (register int x = 0; x <= 9999; x++)
         ^~~~~~~~~
../day03_데이터압축2_main.cpp:45:10: warning: 'register' storage class specifier is deprecated and incompatible with C++17 [-Wdeprecated-register]
    for (register int x = sx; x <= ex; x++) {
         ^~~~~~~~~
../day03_데이터압축2_main.cpp:50:10: warning: 'register' storage class specifier is deprecated and incompatible with C++17 [-Wdeprecated-register]
    for (register int y = sy + 1; y <= ey - 1; y++) {
         ^~~~~~~~~
../day03_데이터압축2_main.cpp:58:8: warning: 'register' storage class specifier is deprecated and incompatible with C++17 [-Wdeprecated-register]
  for (register int y = 0; y <= 9999; y++)
       ^~~~~~~~~
../day03_데이터압축2_main.cpp:59:10: warning: 'register' storage class specifier is deprecated and incompatible with C++17 [-Wdeprecated-register]
    for (register int x = 0; x <= 9999; x++)
         ^~~~~~~~~
6 warnings generated.
Finished building: ../day03_데이터압축2_main.cpp
 
Building file: ../day03_데이터압축2_user.cpp
Invoking: GCC C++ Compiler
clang -O3 -g3 --std=c++14  -c -fmessage-length=0 -MMD -MP -MF"day03_데이터압축2_user.d" -MT"day03_데이터압축2_user.o" -o "day03_데이터압축2_user.o" "../day03_데이터압축2_user.cpp"
../day03_데이터압축2_user.cpp:21:3: warning: 'register' storage class specifier is deprecated and incompatible with C++17 [-Wdeprecated-register]
  rint i, j, k;
  ^
../day03_데이터압축2_user.cpp:16:14: note: expanded from macro 'rint'
#define rint register int
             ^
../day03_데이터압축2_user.cpp:21:3: warning: 'register' storage class specifier is deprecated and incompatible with C++17 [-Wdeprecated-register]
../day03_데이터압축2_user.cpp:16:14: note: expanded from macro 'rint'
#define rint register int
             ^
../day03_데이터압축2_user.cpp:21:3: warning: 'register' storage class specifier is deprecated and incompatible with C++17 [-Wdeprecated-register]
../day03_데이터압축2_user.cpp:16:14: note: expanded from macro 'rint'
#define rint register int
             ^
../day03_데이터압축2_user.cpp:22:3: warning: 'register' storage class specifier is deprecated and incompatible with C++17 [-Wdeprecated-register]
  rint dataIndex = 4;     // data[]의 인덱스, data[0]: 가로 선분의 개수, data[1]: 전체 선분의 개수
  ^
../day03_데이터압축2_user.cpp:16:14: note: expanded from macro 'rint'
#define rint register int
             ^
../day03_데이터압축2_user.cpp:32:9: warning: 'register' storage class specifier is deprecated and incompatible with C++17 [-Wdeprecated-register]
        rint len = k - j + 1;  // 가로선의 길이
        ^
../day03_데이터압축2_user.cpp:16:14: note: expanded from macro 'rint'
#define rint register int
             ^
../day03_데이터압축2_user.cpp:63:3: warning: 'register' storage class specifier is deprecated and incompatible with C++17 [-Wdeprecated-register]
  rint i, j, k;
  ^
../day03_데이터압축2_user.cpp:16:14: note: expanded from macro 'rint'
#define rint register int
             ^
../day03_데이터압축2_user.cpp:63:3: warning: 'register' storage class specifier is deprecated and incompatible with C++17 [-Wdeprecated-register]
../day03_데이터압축2_user.cpp:16:14: note: expanded from macro 'rint'
#define rint register int
             ^
../day03_데이터압축2_user.cpp:63:3: warning: 'register' storage class specifier is deprecated and incompatible with C++17 [-Wdeprecated-register]
../day03_데이터압축2_user.cpp:16:14: note: expanded from macro 'rint'
#define rint register int
             ^
../day03_데이터압축2_user.cpp:64:3: warning: 'register' storage class specifier is deprecated and incompatible with C++17 [-Wdeprecated-register]
  rint dataIndex = 4;     // data[]의 인덱스, data[0]: 가로 선분의 개수, data[1]: 전체 선분의 개수
  ^
../day03_데이터압축2_user.cpp:16:14: note: expanded from macro 'rint'
#define rint register int
             ^
../day03_데이터압축2_user.cpp:67:3: warning: 'register' storage class specifier is deprecated and incompatible with C++17 [-Wdeprecated-register]
  rint an = bp[0], bn = bp[1];
  ^
../day03_데이터압축2_user.cpp:16:14: note: expanded from macro 'rint'
#define rint register int
             ^
../day03_데이터압축2_user.cpp:67:3: warning: 'register' storage class specifier is deprecated and incompatible with C++17 [-Wdeprecated-register]
../day03_데이터압축2_user.cpp:16:14: note: expanded from macro 'rint'
#define rint register int
             ^
../day03_데이터압축2_user.cpp:71:5: warning: 'register' storage class specifier is deprecated and incompatible with C++17 [-Wdeprecated-register]
    rint i = ap[dataIndex++]; // 행번호
    ^
../day03_데이터압축2_user.cpp:16:14: note: expanded from macro 'rint'
#define rint register int
             ^
../day03_데이터압축2_user.cpp:72:5: warning: 'register' storage class specifier is deprecated and incompatible with C++17 [-Wdeprecated-register]
    rint j = ap[dataIndex++]; // 열시작
    ^
../day03_데이터압축2_user.cpp:16:14: note: expanded from macro 'rint'
#define rint register int
             ^
../day03_데이터압축2_user.cpp:73:5: warning: 'register' storage class specifier is deprecated and incompatible with C++17 [-Wdeprecated-register]
    rint k = ap[dataIndex++]; // 열끝
    ^
../day03_데이터압축2_user.cpp:16:14: note: expanded from macro 'rint'
#define rint register int
             ^
../day03_데이터압축2_user.cpp:79:5: warning: 'register' storage class specifier is deprecated and incompatible with C++17 [-Wdeprecated-register]
    rint i = ap[dataIndex++]; // 행시작
    ^
../day03_데이터압축2_user.cpp:16:14: note: expanded from macro 'rint'
#define rint register int
             ^
../day03_데이터압축2_user.cpp:80:5: warning: 'register' storage class specifier is deprecated and incompatible with C++17 [-Wdeprecated-register]
    rint k = ap[dataIndex++]; // 행끝
    ^
../day03_데이터압축2_user.cpp:16:14: note: expanded from macro 'rint'
#define rint register int
             ^
../day03_데이터압축2_user.cpp:81:5: warning: 'register' storage class specifier is deprecated and incompatible with C++17 [-Wdeprecated-register]
    rint j = ap[dataIndex++]; // 열번호
    ^
../day03_데이터압축2_user.cpp:16:14: note: expanded from macro 'rint'
#define rint register int
             ^
17 warnings generated.
Finished building: ../day03_데이터압축2_user.cpp
 
Building target: exp_day03
Invoking: MacOS X C++ Linker
g++  -o "exp_day03"  ./day03_데이터압축2_main.o ./day03_데이터압축2_user.o   
Finished building target: exp_day03
 
00:13:00 **** Incremental Build of configuration Debug for project exp_day01 ****
make all 
make: Nothing to be done for `all'.
00:13:00 **** Clean-only build of configuration Debug for project exp_day02 ****
make clean 
rm -rf ./day02_Bit_ImageMap3_main.d ./day02_Bit_ImageMap3_main.o ./day02_Bit_ImageMap3_user_ver1_1.d ./day02_Bit_ImageMap3_user_ver1_1.o
rm -rf exp_day02
 

**** Build of configuration Debug for project exp_day02 ****

Nothing to build for project exp_day02
00:13:00 **** Incremental Build of configuration Debug for project exp_day03 ****
make all 
Building file: ../day03_데이터압축2_main.cpp
Invoking: GCC C++ Compiler
clang -O3 -g3 --std=c++14  -c -fmessage-length=0 -MMD -MP -MF"day03_데이터압축2_main.d" -MT"day03_데이터압축2_main.o" -o "day03_데이터압축2_main.o" "../day03_데이터압축2_main.cpp"
../day03_데이터압축2_main.cpp:30:8: warning: 'register' storage class specifier is deprecated and incompatible with C++17 [-Wdeprecated-register]
  for (register int y = 0; y <= 9999; y++)
       ^~~~~~~~~
../day03_데이터압축2_main.cpp:31:10: warning: 'register' storage class specifier is deprecated and incompatible with C++17 [-Wdeprecated-register]
    for (register int x = 0; x <= 9999; x++)
         ^~~~~~~~~
../day03_데이터압축2_main.cpp:45:10: warning: 'register' storage class specifier is deprecated and incompatible with C++17 [-Wdeprecated-register]
    for (register int x = sx; x <= ex; x++) {
         ^~~~~~~~~
../day03_데이터압축2_main.cpp:50:10: warning: 'register' storage class specifier is deprecated and incompatible with C++17 [-Wdeprecated-register]
    for (register int y = sy + 1; y <= ey - 1; y++) {
         ^~~~~~~~~
../day03_데이터압축2_main.cpp:58:8: warning: 'register' storage class specifier is deprecated and incompatible with C++17 [-Wdeprecated-register]
  for (register int y = 0; y <= 9999; y++)
       ^~~~~~~~~
../day03_데이터압축2_main.cpp:59:10: warning: 'register' storage class specifier is deprecated and incompatible with C++17 [-Wdeprecated-register]
    for (register int x = 0; x <= 9999; x++)
         ^~~~~~~~~
6 warnings generated.
Finished building: ../day03_데이터압축2_main.cpp
 
Building file: ../day03_데이터압축2_user.cpp
Invoking: GCC C++ Compiler
clang -O3 -g3 --std=c++14  -c -fmessage-length=0 -MMD -MP -MF"day03_데이터압축2_user.d" -MT"day03_데이터압축2_user.o" -o "day03_데이터압축2_user.o" "../day03_데이터압축2_user.cpp"
../day03_데이터압축2_user.cpp:16:3: warning: 'register' storage class specifier is deprecated and incompatible with C++17 [-Wdeprecated-register]
  rint i, j, k;
  ^
../day03_데이터압축2_user.cpp:11:14: note: expanded from macro 'rint'
#define rint register int
             ^
../day03_데이터압축2_user.cpp:16:3: warning: 'register' storage class specifier is deprecated and incompatible with C++17 [-Wdeprecated-register]
../day03_데이터압축2_user.cpp:11:14: note: expanded from macro 'rint'
#define rint register int
             ^
../day03_데이터압축2_user.cpp:16:3: warning: 'register' storage class specifier is deprecated and incompatible with C++17 [-Wdeprecated-register]
../day03_데이터압축2_user.cpp:11:14: note: expanded from macro 'rint'
#define rint register int
             ^
../day03_데이터압축2_user.cpp:17:3: warning: 'register' storage class specifier is deprecated and incompatible with C++17 [-Wdeprecated-register]
  rint dataIndex = 4;     // data[]의 인덱스, data[0]: 가로 선분의 개수, data[1]: 전체 선분의 개수
  ^
../day03_데이터압축2_user.cpp:11:14: note: expanded from macro 'rint'
#define rint register int
             ^
../day03_데이터압축2_user.cpp:27:9: warning: 'register' storage class specifier is deprecated and incompatible with C++17 [-Wdeprecated-register]
        rint len = k - j + 1;  // 가로선의 길이
        ^
../day03_데이터압축2_user.cpp:11:14: note: expanded from macro 'rint'
#define rint register int
             ^
../day03_데이터압축2_user.cpp:58:3: warning: 'register' storage class specifier is deprecated and incompatible with C++17 [-Wdeprecated-register]
  rint i, j, k;
  ^
../day03_데이터압축2_user.cpp:11:14: note: expanded from macro 'rint'
#define rint register int
             ^
../day03_데이터압축2_user.cpp:58:3: warning: 'register' storage class specifier is deprecated and incompatible with C++17 [-Wdeprecated-register]
../day03_데이터압축2_user.cpp:11:14: note: expanded from macro 'rint'
#define rint register int
             ^
../day03_데이터압축2_user.cpp:58:3: warning: 'register' storage class specifier is deprecated and incompatible with C++17 [-Wdeprecated-register]
../day03_데이터압축2_user.cpp:11:14: note: expanded from macro 'rint'
#define rint register int
             ^
../day03_데이터압축2_user.cpp:59:3: warning: 'register' storage class specifier is deprecated and incompatible with C++17 [-Wdeprecated-register]
  rint dataIndex = 4;     // data[]의 인덱스, data[0]: 가로 선분의 개수, data[1]: 전체 선분의 개수
  ^
../day03_데이터압축2_user.cpp:11:14: note: expanded from macro 'rint'
#define rint register int
             ^
../day03_데이터압축2_user.cpp:62:3: warning: 'register' storage class specifier is deprecated and incompatible with C++17 [-Wdeprecated-register]
  rint an = bp[0], bn = bp[1];
  ^
../day03_데이터압축2_user.cpp:11:14: note: expanded from macro 'rint'
#define rint register int
             ^
../day03_데이터압축2_user.cpp:62:3: warning: 'register' storage class specifier is deprecated and incompatible with C++17 [-Wdeprecated-register]
../day03_데이터압축2_user.cpp:11:14: note: expanded from macro 'rint'
#define rint register int
             ^
../day03_데이터압축2_user.cpp:66:5: warning: 'register' storage class specifier is deprecated and incompatible with C++17 [-Wdeprecated-register]
    rint i = ap[dataIndex++]; // 행번호
    ^
../day03_데이터압축2_user.cpp:11:14: note: expanded from macro 'rint'
#define rint register int
             ^
../day03_데이터압축2_user.cpp:67:5: warning: 'register' storage class specifier is deprecated and incompatible with C++17 [-Wdeprecated-register]
    rint j = ap[dataIndex++]; // 열시작
    ^
../day03_데이터압축2_user.cpp:11:14: note: expanded from macro 'rint'
#define rint register int
             ^
../day03_데이터압축2_user.cpp:68:5: warning: 'register' storage class specifier is deprecated and incompatible with C++17 [-Wdeprecated-register]
    rint k = ap[dataIndex++]; // 열끝
    ^
../day03_데이터압축2_user.cpp:11:14: note: expanded from macro 'rint'
#define rint register int
             ^
../day03_데이터압축2_user.cpp:74:5: warning: 'register' storage class specifier is deprecated and incompatible with C++17 [-Wdeprecated-register]
    rint i = ap[dataIndex++]; // 행시작
    ^
../day03_데이터압축2_user.cpp:11:14: note: expanded from macro 'rint'
#define rint register int
             ^
../day03_데이터압축2_user.cpp:75:5: warning: 'register' storage class specifier is deprecated and incompatible with C++17 [-Wdeprecated-register]
    rint k = ap[dataIndex++]; // 행끝
    ^
../day03_데이터압축2_user.cpp:11:14: note: expanded from macro 'rint'
#define rint register int
             ^
../day03_데이터압축2_user.cpp:76:5: warning: 'register' storage class specifier is deprecated and incompatible with C++17 [-Wdeprecated-register]
    rint j = ap[dataIndex++]; // 열번호
    ^
../day03_데이터압축2_user.cpp:11:14: note: expanded from macro 'rint'
#define rint register int
             ^
17 warnings generated.
Finished building: ../day03_데이터압축2_user.cpp
 
Building file: ../day03_데이터압축2_user_ver1_1.cpp
Invoking: GCC C++ Compiler
clang -O3 -g3 --std=c++14  -c -fmessage-length=0 -MMD -MP -MF"day03_데이터압축2_user_ver1_1.d" -MT"day03_데이터압축2_user_ver1_1.o" -o "day03_데이터압축2_user_ver1_1.o" "../day03_데이터압축2_user_ver1_1.cpp"
../day03_데이터압축2_user_ver1_1.cpp:13:3: warning: 'register' storage class specifier is deprecated and incompatible with C++17 [-Wdeprecated-register]
  rint dataIndex = 4; // data[]의 인덱스, data[0]: 가로의 선분 갯수, data[1]: 전체 선분의 갯수
  ^
../day03_데이터압축2_user_ver1_1.cpp:8:14: note: expanded from macro 'rint'
#define rint register int
             ^
../day03_데이터압축2_user_ver1_1.cpp:18:3: warning: 'register' storage class specifier is deprecated and incompatible with C++17 [-Wdeprecated-register]
  rint y, x, k;
  ^
../day03_데이터압축2_user_ver1_1.cpp:8:14: note: expanded from macro 'rint'
#define rint register int
             ^
../day03_데이터압축2_user_ver1_1.cpp:18:3: warning: 'register' storage class specifier is deprecated and incompatible with C++17 [-Wdeprecated-register]
../day03_데이터압축2_user_ver1_1.cpp:8:14: note: expanded from macro 'rint'
#define rint register int
             ^
../day03_데이터압축2_user_ver1_1.cpp:18:3: warning: 'register' storage class specifier is deprecated and incompatible with C++17 [-Wdeprecated-register]
../day03_데이터압축2_user_ver1_1.cpp:8:14: note: expanded from macro 'rint'
#define rint register int
             ^
../day03_데이터압축2_user_ver1_1.cpp:25:9: warning: 'register' storage class specifier is deprecated and incompatible with C++17 [-Wdeprecated-register]
        rint len = k - y + 1;
        ^
../day03_데이터압축2_user_ver1_1.cpp:8:14: note: expanded from macro 'rint'
#define rint register int
             ^
../day03_데이터압축2_user_ver1_1.cpp:60:1: error: extraneous closing brace ('}')
}
^
5 warnings and 1 error generated.
make: *** [day03_데이터압축2_user_ver1_1.o] Error 1
"make all" terminated with exit code 2. Build might be incomplete.

**** Build of configuration Debug for project exp_day04 ****

Nothing to build for project exp_day04

**** Build of configuration Debug for project exp_day05 ****

Nothing to build for project exp_day05

**** Build of configuration Debug for project exp_day06 ****

Nothing to build for project exp_day06

**** Build of configuration Debug for project exp_day07 ****

Nothing to build for project exp_day07

**** Build of configuration Debug for project exp_day08 ****

Nothing to build for project exp_day08

**** Build of configuration Debug for project exp_day09 ****

Nothing to build for project exp_day09

**** Build of configuration Debug for project exp_day10 ****

Nothing to build for project exp_day10
